Dec02_1725_comp-sample
----------------------------------------------------------------------------------------------------
[Twitter]   init=ones (20)   seed=42   batch_size=64 spectral_dim=64
File1: twitter_51200bins_modiffT  File1: twitter_51200bins_modiffT
----------------------------------------------------------------------------------------------------
lr=0.008 schedule=True ema=0.999 epochs=1 reduce=False eps=1e-05
(ScoreNetworkX)+(ScoreNetworkA_eigen=GCN,2)   : depth=1 adim=8 nhid=8 layers=3 linears=2 c=(1 4 2)
(x:VP)=(0.10, 50.00) N=200 (adj:VP)=(0.10, 50.00) N=200
----------------------------------------------------------------------------------------------------
(Euler)+(Langevin): eps=0.05 denoise=True ema=False || snr=0.05 seps=0.9 n_steps=1 
----------------------------------------------------------------------------------------------------
GEN SEED: 42
Round 0 : 34.75s
Round 1 : 34.74s
Round 2 : 33.17s
Round 3 : 33.61s
Round 4 : 33.92s
Round 5 : 34.02s
Round 6 : 34.00s
(Euler)+(Langevin): eps=0.05 denoise=True ema=False || snr=0.05 seps=0.9 n_steps=1 
----------------------------------------------------------------------------------------------------
GEN SEED: 42
Round 0 : 34.73s
Round 1 : 34.63s
Round 2 : 33.59s
Round 3 : 33.58s
Round 4 : 33.51s
Round 5 : 33.53s
Round 6 : 33.54s
Final Metrics: {'degree': 1.0036415666683745, 'cluster': 1.4679337833927175, 'spectral': 0.6933698809970662, 'node_behavior_ks': 1.0, 'random_walk_ks': 0.1, 'pagerank_ks': 0.8811369509043928, 'node_degree_behavior_ks': 1.0, 'degree_centrality_behavior_ks': 1.0, 'betweenness_centrality_behavior_ks': 0.9420095408467501, 'closeness_centrality_behavior_ks': 1.0}
