Dec02_1128_comp-sample
----------------------------------------------------------------------------------------------------
[Twitter]   init=ones (20)   seed=42   batch_size=64 spectral_dim=64
File1: twitter_51200bins_modiffT  File1: twitter_51200bins_modiffT
----------------------------------------------------------------------------------------------------
lr=0.008 schedule=True ema=0.999 epochs=1 reduce=False eps=1e-05
(ScoreNetworkX)+(ScoreNetworkA_eigen=GCN,2)   : depth=1 adim=8 nhid=8 layers=3 linears=2 c=(1 4 2)
(x:VP)=(0.10, 50.00) N=200 (adj:VP)=(0.10, 50.00) N=200
----------------------------------------------------------------------------------------------------
(Euler)+(Langevin): eps=0.095 denoise=True ema=False || snr=0.05 seps=0.9 n_steps=1 
----------------------------------------------------------------------------------------------------
GEN SEED: 42
(Euler)+(Langevin): eps=0.095 denoise=True ema=False || snr=0.05 seps=0.9 n_steps=1 
----------------------------------------------------------------------------------------------------
GEN SEED: 42
Round 0 : 39.11s
Round 1 : 37.81s
Round 2 : 36.22s
Round 3 : 36.62s
Round 4 : 35.44s
Round 5 : 34.91s
Round 6 : 35.24s
Final Metrics: {'degree': 1.0279834120546352, 'cluster': 1.8214742179499581, 'spectral': 0.6987467046878092, 'node_behavior_ks': 1.0, 'random_walk_ks': 0.1, 'pagerank_ks': 0.8772609819121447, 'node_degree_behavior_ks': 1.0, 'degree_centrality_behavior_ks': 1.0, 'betweenness_centrality_behavior_ks': 0.6332240111309879, 'closeness_centrality_behavior_ks': 1.0}
