Dec03_1747_comp-sample
----------------------------------------------------------------------------------------------------
[Twitter]   init=ones (20)   seed=42   batch_size=64 spectral_dim=64
File1: twitter_51200bins_modiffT  File1: twitter_51200bins_modiffT
----------------------------------------------------------------------------------------------------
lr=0.008 schedule=True ema=0.999 epochs=1 reduce=False eps=1e-05
(ScoreNetworkX)+(ScoreNetworkA_eigen=GCN,2)   : depth=1 adim=8 nhid=8 layers=3 linears=2 c=(1 4 2)
(x:VP)=(0.10, 50.00) N=200 (adj:VP)=(0.10, 50.00) N=200
----------------------------------------------------------------------------------------------------
(Euler)+(Langevin): eps=0.05 denoise=True ema=False || snr=0.05 seps=0.9 n_steps=1 
----------------------------------------------------------------------------------------------------
GEN SEED: 65
Round 0 : 36.91s
Round 1 : 36.78s
Round 2 : 35.33s
Round 3 : 35.83s
Round 4 : 35.85s
Round 5 : 35.58s
Round 6 : 35.33s
Final Metrics: {'degree': 1.0093147241325224, 'cluster': 1.7160216141035427, 'spectral': 0.6628977613420501, 'node_behavior_ks': 1.0, 'random_walk_ks': 0.1, 'pagerank_ks': 0.8565891472868217, 'node_degree_behavior_ks': 1.0, 'degree_centrality_behavior_ks': 1.0, 'betweenness_centrality_behavior_ks': 0.657771814748559, 'closeness_centrality_behavior_ks': 1.0}
