Dec04_0419_comp-sample
----------------------------------------------------------------------------------------------------
[Twitter]   init=ones (20)   seed=42   batch_size=64 spectral_dim=64
File1: twitter_51200bins_modiffT  File1: twitter_51200bins_modiffT
----------------------------------------------------------------------------------------------------
lr=0.004 schedule=True ema=0.999 epochs=1 reduce=False eps=1e-05
(ScoreNetworkX)+(ScoreNetworkA_eigen=GCN,2)   : depth=1 adim=8 nhid=8 layers=3 linears=2 c=(1 4 2)
(x:VP)=(0.10, 50.00) N=200 (adj:VP)=(0.10, 50.00) N=200
----------------------------------------------------------------------------------------------------
(Euler)+(Langevin): eps=0.05 denoise=True ema=False || snr=0.05 seps=0.9 n_steps=1 
----------------------------------------------------------------------------------------------------
GEN SEED: 35
Round 0 : 36.85s
Round 1 : 36.09s
Round 2 : 36.62s
Round 3 : 35.66s
Round 4 : 35.67s
Round 5 : 35.53s
Round 6 : 35.04s
Final Metrics: {'degree': 1.0128445222460887, 'cluster': 1.6986446397684651, 'spectral': 0.6621031147786945, 'node_behavior_ks': 1.0, 'random_walk_ks': 0.3, 'pagerank_ks': 0.8630490956072352, 'node_degree_behavior_ks': 1.0, 'degree_centrality_behavior_ks': 1.0, 'betweenness_centrality_behavior_ks': 0.7288312462731067, 'closeness_centrality_behavior_ks': 1.0}
