Nov30_1208_comp-sample
----------------------------------------------------------------------------------------------------
[Twitter]   init=ones (20)   seed=42   batch_size=64 spectral_dim=64
File1: twitter_51200bins_modiffT  File1: twitter_51200bins_modiffT
----------------------------------------------------------------------------------------------------
lr=0.008 schedule=True ema=0.999 epochs=1 reduce=False eps=1e-05
(ScoreNetworkX)+(ScoreNetworkA_eigen=GCN,2)   : depth=1 adim=16 nhid=16 layers=3 linears=2 c=(1 4 2)
(x:VP)=(0.10, 50.00) N=200 (adj:VP)=(0.10, 50.00) N=200
----------------------------------------------------------------------------------------------------
(Euler)+(Langevin): eps=0.05 denoise=True ema=False || snr=0.05 seps=0.9 n_steps=1 
----------------------------------------------------------------------------------------------------
GEN SEED: 42
Round 0 : 39.92s
Round 1 : 38.87s
Round 2 : 38.58s
Round 3 : 39.08s
Round 4 : 38.61s
Round 5 : 39.18s
Round 6 : 38.99s
Final Metrics: {'degree': 1.0034882754377263, 
                'cluster': 1.4633845303549804, 
                'spectral': 0.694313405184081, 
                'node_behavior_ks': 1.0, 
                'random_walk_ks': 0.1, 
                'pagerank_ks': 0.8811369509043927, 
                'node_degree_behavior_ks': 1.0, 
                'degree_centrality_behavior_ks': 1.0, 
                'betweenness_centrality_behavior_ks': 0.9510534684953289, 
                'closeness_centrality_behavior_ks': 1.0}
