Nov27_1305_comp-sample
----------------------------------------------------------------------------------------------------
[Superuser]   init=ones (20)   seed=42   batch_size=64 spectral_dim=200
File1: superuser_10000bins_modiffT  File1: superuser_10000bins_modiffT
----------------------------------------------------------------------------------------------------
lr=0.002 schedule=True ema=0.999 epochs=200 reduce=False eps=1e-05
(ScoreNetworkX)+(ScoreNetworkA_eigen=GCN,4)   : depth=2 adim=32 nhid=32 layers=6 linears=2 c=(2 8 4)
(x:VP)=(0.10, 20.00) N=1000 (adj:VP)=(0.10, 20.00) N=1000
----------------------------------------------------------------------------------------------------
(Euler)+(Langevin): eps=0.0001 denoise=True ema=True || snr=0.1 seps=0.7 n_steps=1 
----------------------------------------------------------------------------------------------------
GEN SEED: 42
Round 0 : 10.35s
Round 1 : 10.07s
(Euler)+(Langevin): eps=0.0001 denoise=True ema=True || snr=0.1 seps=0.7 n_steps=1 
----------------------------------------------------------------------------------------------------
GEN SEED: 42
Round 0 : 10.37s
Round 1 : 10.06s
Final Metrics: {'degree': 1.079243, 'cluster': 1.596799, 'orbit': 0.000704}
