Dec01_1455_comp-sample
----------------------------------------------------------------------------------------------------
[Superuser]   init=ones (20)   seed=42   batch_size=64 spectral_dim=32
File1: superuser_240000bins_modiffT  File1: superuser_240000bins_modiffT
----------------------------------------------------------------------------------------------------
lr=0.008 schedule=True ema=0.999 epochs=1 reduce=False eps=1e-05
(ScoreNetworkX)+(ScoreNetworkA_eigen=GCN,2)   : depth=1 adim=16 nhid=16 layers=3 linears=2 c=(1 4 2)
(x:VP)=(0.10, 50.00) N=200 (adj:VP)=(0.10, 50.00) N=200
----------------------------------------------------------------------------------------------------
(Euler)+(Langevin): eps=0.05 denoise=True ema=False || snr=0.05 seps=0.9 n_steps=1 
----------------------------------------------------------------------------------------------------
GEN SEED: 42
Round 0 : 35.53s
Round 1 : 35.36s
Round 2 : 33.88s
Round 3 : 33.44s
Round 4 : 33.81s
Round 5 : 33.54s
Round 6 : 33.43s
Round 7 : 33.51s
Round 8 : 34.90s
Round 9 : 35.04s
Round 10 : 35.01s
Round 11 : 34.80s
Round 12 : 34.99s
Round 13 : 35.15s
Round 14 : 34.97s
Round 15 : 34.40s
Round 16 : 34.57s
Round 17 : 35.50s
Round 18 : 35.01s
Round 19 : 36.67s
Round 20 : 42.62s
Round 21 : 38.52s
Round 22 : 34.77s
Round 23 : 33.11s
Round 24 : 33.92s
Round 25 : 34.24s
Round 26 : 33.86s
Round 27 : 33.55s
Round 28 : 33.53s
Round 29 : 33.42s
Round 30 : 33.61s
Round 31 : 33.18s
Round 32 : 34.85s
(Euler)+(Langevin): eps=0.05 denoise=True ema=False || snr=0.05 seps=0.9 n_steps=1 
----------------------------------------------------------------------------------------------------
GEN SEED: 42
Round 0 : 36.30s
Round 1 : 35.47s
Round 2 : 35.30s
Round 3 : 35.01s
Round 4 : 34.98s
Round 5 : 35.89s
Round 6 : 38.56s
Round 7 : 38.25s
Round 8 : 38.61s
Round 9 : 39.07s
Round 10 : 38.60s
Round 11 : 36.54s
Round 12 : 36.19s
Round 13 : 36.76s
Round 14 : 36.46s
Round 15 : 36.40s
Round 16 : 34.97s
Round 17 : 35.39s
Round 18 : 35.40s
Round 19 : 35.34s
Round 20 : 35.23s
Round 21 : 36.33s
Round 22 : 39.24s
Round 23 : 39.15s
Round 24 : 39.21s
Round 25 : 35.65s
Round 26 : 37.12s
Round 27 : 35.64s
Round 28 : 37.92s
Round 29 : 35.43s
Round 30 : 35.10s
Round 31 : 35.50s
Round 32 : 35.64s
Final Metrics: {'degree': 0.939613830847006, 'cluster': 1.9098226543207204, 'spectral': 0.22548790305034888, 'node_behavior_ks': 1.0, 'random_walk_ks': 0.05, 'pagerank_ks': 0.3121964552497871, 'node_degree_behavior_ks': 1.0, 'degree_centrality_behavior_ks': 1.0, 'betweenness_centrality_behavior_ks': 0.10693432977151854, 'closeness_centrality_behavior_ks': 1.0}
