Dec04_0324_comp-sample
----------------------------------------------------------------------------------------------------
[Superuser]   init=ones (20)   seed=42   batch_size=64 spectral_dim=64
File1: superuser_240000bins_modiffT  File1: superuser_240000bins_modiffT
----------------------------------------------------------------------------------------------------
lr=0.008 schedule=True ema=0.999 epochs=1 reduce=False eps=1e-05
(ScoreNetworkX)+(ScoreNetworkA_eigen=GCN,2)   : depth=1 adim=16 nhid=16 layers=3 linears=2 c=(1 4 2)
(x:VP)=(0.10, 50.00) N=200 (adj:VP)=(0.10, 50.00) N=200
----------------------------------------------------------------------------------------------------
(Euler)+(Langevin): eps=0.05 denoise=True ema=False || snr=0.05 seps=0.9 n_steps=1 
----------------------------------------------------------------------------------------------------
GEN SEED: 75
Round 0 : 36.86s
Round 1 : 36.17s
Round 2 : 35.65s
Round 3 : 35.31s
Round 4 : 35.39s
Round 5 : 35.30s
Round 6 : 35.68s
Round 7 : 35.45s
Round 8 : 34.95s
Round 9 : 35.32s
Round 10 : 34.04s
Round 11 : 33.83s
Round 12 : 34.04s
Round 13 : 33.91s
Round 14 : 34.16s
Round 15 : 34.62s
Round 16 : 34.35s
Round 17 : 34.90s
Round 18 : 33.88s
Round 19 : 33.82s
Round 20 : 33.94s
Round 21 : 33.91s
Round 22 : 34.63s
Round 23 : 34.66s
Round 24 : 33.39s
Round 25 : 33.68s
Round 26 : 33.96s
Round 27 : 33.71s
Round 28 : 33.73s
Round 29 : 35.43s
Round 30 : 35.72s
Round 31 : 36.60s
Round 32 : 35.68s
(Euler)+(Langevin): eps=0.05 denoise=True ema=False || snr=0.05 seps=0.9 n_steps=1 
----------------------------------------------------------------------------------------------------
GEN SEED: 19
Round 0 : 35.75s
Round 1 : 34.42s
Round 2 : 35.20s
Round 3 : 33.66s
Round 4 : 33.02s
Round 5 : 35.31s
Round 6 : 33.22s
Round 7 : 34.96s
Round 8 : 33.46s
Round 9 : 33.03s
Round 10 : 33.33s
Round 11 : 32.98s
Round 12 : 33.12s
Round 13 : 33.20s
Round 14 : 33.29s
Round 15 : 32.93s
Round 16 : 33.13s
Round 17 : 32.98s
Round 18 : 33.08s
Round 19 : 33.13s
Round 20 : 33.12s
Round 21 : 33.01s
Round 22 : 33.04s
Round 23 : 32.78s
Round 24 : 33.11s
Round 25 : 32.84s
Round 26 : 33.02s
Round 27 : 32.74s
Round 28 : 32.96s
Round 29 : 33.09s
Round 30 : 32.96s
Round 31 : 32.96s
Round 32 : 33.02s
Final Metrics: {'degree': 0.9370110172388322, 'cluster': 1.7157693360357744, 'spectral': 0.16258988904780858, 'node_behavior_ks': 0.9989288624108918, 'random_walk_ks': 0.0, 'pagerank_ks': 0.28863080091479587, 'node_degree_behavior_ks': 0.9989288624108918, 'degree_centrality_behavior_ks': 1.0, 'betweenness_centrality_behavior_ks': 0.6676344965695156, 'closeness_centrality_behavior_ks': 1.0}
(Euler)+(Langevin): eps=0.05 denoise=True ema=False || snr=0.05 seps=0.9 n_steps=1 
----------------------------------------------------------------------------------------------------
GEN SEED: 15
Round 0 : 37.59s
Round 1 : 36.97s
Round 2 : 35.15s
Round 3 : 35.52s
Round 4 : 35.29s
Round 5 : 35.37s
Round 6 : 34.21s
Round 7 : 36.47s
Round 8 : 35.27s
Round 9 : 34.43s
Round 10 : 35.18s
Round 11 : 36.73s
Round 12 : 60.97s
Round 13 : 50.79s
Round 14 : 48.46s
Round 15 : 65.39s
Round 16 : 38.79s
Round 17 : 61.12s
Round 18 : 61.35s
Round 19 : 35.12s
Round 20 : 61.68s
Round 21 : 60.27s
Round 22 : 65.46s
Round 23 : 73.67s
Round 24 : 68.48s
Round 25 : 52.47s
Round 26 : 47.25s
Round 27 : 65.93s
Round 28 : 67.86s
Round 29 : 66.24s
Round 30 : 73.27s
Round 31 : 97.40s
Round 32 : 55.05s
Final Metrics: {'degree': 0.21254663260011752, 'cluster': 0.008674455836316097, 'spectral': 0.14823747324295003, 'node_behavior_ks': 0.39225342922963413, 'random_walk_ks': 0.05, 'pagerank_ks': 0.17184627147085052, 'node_degree_behavior_ks': 0.39225342922963413, 'degree_centrality_behavior_ks': 0.3378401834276068, 'betweenness_centrality_behavior_ks': 0.13772817614671531, 'closeness_centrality_behavior_ks': 0.0676380935172963}
(Euler)+(Langevin): eps=0.05 denoise=True ema=False || snr=0.05 seps=0.9 n_steps=1 
----------------------------------------------------------------------------------------------------
GEN SEED: 15
(Euler)+(Langevin): eps=0.05 denoise=True ema=False || snr=0.05 seps=0.9 n_steps=1 
----------------------------------------------------------------------------------------------------
GEN SEED: 89
Round 0 : 34.95s
Round 1 : 35.51s
Round 2 : 37.08s
Round 3 : 34.63s
Round 4 : 34.72s
Round 5 : 36.28s
Round 6 : 34.45s
Round 7 : 34.54s
Round 8 : 33.90s
Round 9 : 34.93s
Round 10 : 36.44s
Round 11 : 36.60s
Round 12 : 35.60s
Round 13 : 35.36s
Round 14 : 34.33s
Round 15 : 34.59s
Round 16 : 34.87s
Round 17 : 37.63s
Round 18 : 35.38s
Round 19 : 36.17s
Round 20 : 34.03s
Round 21 : 34.32s
Round 22 : 33.89s
Round 23 : 33.61s
Round 24 : 34.10s
Round 25 : 35.02s
Round 26 : 34.08s
Round 27 : 33.44s
Round 28 : 33.79s
Round 29 : 34.39s
Round 30 : 33.80s
Round 31 : 34.29s
Round 32 : 34.10s
Final Metrics: {'degree': 0.21299356627872834, 'cluster': 0.011175342614880845, 'spectral': 0.15293472286707804, 'node_behavior_ks': 0.39199662388808304, 'random_walk_ks': 0.05, 'pagerank_ks': 0.1657580191023022, 'node_degree_behavior_ks': 0.39199662388808304, 'degree_centrality_behavior_ks': 0.3311737007908266, 'betweenness_centrality_behavior_ks': 0.1373969223510989, 'closeness_centrality_behavior_ks': 0.07046295227435845}
(Euler)+(Langevin): eps=0.05 denoise=True ema=False || snr=0.05 seps=0.9 n_steps=1 
----------------------------------------------------------------------------------------------------
GEN SEED: 89
Round 0 : 36.23s
Round 1 : 35.20s
Round 2 : 34.72s
Round 3 : 34.99s
Round 4 : 34.44s
Round 5 : 34.63s
Round 6 : 34.71s
Round 7 : 34.22s
Round 8 : 34.65s
Round 9 : 34.78s
Round 10 : 34.34s
Round 11 : 34.88s
Round 12 : 34.59s
Round 13 : 34.74s
Round 14 : 34.99s
Round 15 : 35.34s
Round 16 : 35.73s
Round 17 : 35.38s
Round 18 : 35.58s
Round 19 : 35.18s
Round 20 : 35.49s
Round 21 : 34.99s
Round 22 : 35.22s
Round 23 : 35.18s
Round 24 : 35.26s
Round 25 : 34.98s
Round 26 : 35.11s
Round 27 : 35.03s
Round 28 : 34.80s
Round 29 : 34.94s
Round 30 : 34.65s
Round 31 : 34.90s
Round 32 : 34.87s
Final Metrics: {'degree': 0.15333988278511357, 'cluster': 0.0974026124256735, 'spectral': 0.15497026407198156, 'node_behavior_ks': 0.2962450374668119, 'random_walk_ks': 0.2, 'pagerank_ks': 0.10983530998161374, 'node_degree_behavior_ks': 0.2962450374668119, 'degree_centrality_behavior_ks': 0.1529129421527147, 'betweenness_centrality_behavior_ks': 0.04761229587321345, 'closeness_centrality_behavior_ks': 0.05500904255942074}
