Dec02_1841_comp-sample
----------------------------------------------------------------------------------------------------
[Superuser]   init=ones (20)   seed=42   batch_size=64 spectral_dim=64
File1: superuser_240000bins_modiffT  File1: superuser_240000bins_modiffT
----------------------------------------------------------------------------------------------------
lr=0.008 schedule=True ema=0.999 epochs=1 reduce=False eps=1e-05
(ScoreNetworkX)+(ScoreNetworkA_eigen=GCN,2)   : depth=1 adim=16 nhid=16 layers=3 linears=2 c=(1 4 2)
(x:VP)=(0.10, 50.00) N=200 (adj:VP)=(0.10, 50.00) N=200
----------------------------------------------------------------------------------------------------
(Euler)+(Langevin): eps=0.05 denoise=True ema=False || snr=0.05 seps=0.9 n_steps=1 
----------------------------------------------------------------------------------------------------
GEN SEED: 42
Round 0 : 35.91s
Round 1 : 35.33s
Round 2 : 33.43s
Round 3 : 34.20s
Round 4 : 35.87s
Round 5 : 36.42s
Round 6 : 35.59s
Round 7 : 35.64s
Round 8 : 34.99s
Round 9 : 35.48s
Round 10 : 35.49s
Round 11 : 35.05s
Round 12 : 35.76s
Round 13 : 36.46s
Round 14 : 35.35s
Round 15 : 35.24s
Round 16 : 35.36s
Round 17 : 36.01s
Round 18 : 36.57s
Round 19 : 35.98s
Round 20 : 35.24s
Round 21 : 35.16s
Round 22 : 35.26s
Round 23 : 34.91s
Round 24 : 35.47s
Round 25 : 34.85s
Round 26 : 35.03s
Round 27 : 35.39s
Round 28 : 35.36s
Round 29 : 36.00s
Round 30 : 35.29s
Round 31 : 35.54s
Round 32 : 35.28s
Final Metrics: {'degree': 0.9280651960600655, 'cluster': 1.7236394868484166, 'spectral': 0.1735709939655255, 'node_behavior_ks': 0.9995928338762214, 'random_walk_ks': 0.05, 'pagerank_ks': 0.2913692911001474, 'node_degree_behavior_ks': 0.9995928338762214, 'degree_centrality_behavior_ks': 1.0, 'betweenness_centrality_behavior_ks': 0.1186528510411909, 'closeness_centrality_behavior_ks': 1.0}
