Nov27_1212_comp
----------------------------------------------------------------------------------------------------
[Twitter]   init=ones (20)   seed=42   batch_size=64 spectral_dim=300
File1: twitter_10000bins_modiffT  File1: twitter_10000bins_modiffT
----------------------------------------------------------------------------------------------------
lr=0.002 schedule=True ema=0.999 epochs=200 reduce=False eps=1e-05
(ScoreNetworkX)+(ScoreNetworkA_eigen=GCN,4)   : depth=2 adim=32 nhid=32 layers=6 linears=2 c=(2 8 4)
(x:VP)=(0.10, 20.00) N=1000 (adj:VP)=(0.10, 20.00) N=1000
----------------------------------------------------------------------------------------------------
001 | 6.17s | test x: 1.665e+02 | test adj: 1.426e+02 | train x: 1.754e+02 | train adj: 1.493e+02 | 
002 | 6.16s | test x: 7.204e+01 | test adj: 1.384e+02 | train x: 5.088e+01 | train adj: 1.431e+02 | 
003 | 6.12s | test x: 5.853e+01 | test adj: 1.374e+02 | train x: 3.623e+01 | train adj: 1.417e+02 | 
004 | 6.23s | test x: 6.178e+01 | test adj: 1.372e+02 | train x: 3.226e+01 | train adj: 1.410e+02 | 
005 | 6.26s | test x: 4.815e+01 | test adj: 1.338e+02 | train x: 3.021e+01 | train adj: 1.404e+02 | 
006 | 6.27s | test x: 4.143e+01 | test adj: 1.350e+02 | train x: 2.971e+01 | train adj: 1.411e+02 | 
007 | 6.28s | test x: 4.555e+01 | test adj: 1.358e+02 | train x: 3.310e+01 | train adj: 1.405e+02 | 
008 | 6.24s | test x: 3.935e+01 | test adj: 1.338e+02 | train x: 2.898e+01 | train adj: 1.399e+02 | 
009 | 6.48s | test x: 4.911e+01 | test adj: 1.343e+02 | train x: 2.759e+01 | train adj: 1.402e+02 | 
010 | 6.18s | test x: 4.409e+01 | test adj: 1.351e+02 | train x: 2.944e+01 | train adj: 1.405e+02 | 
011 | 6.23s | test x: 3.655e+01 | test adj: 1.326e+02 | train x: 3.001e+01 | train adj: 1.403e+02 | 
012 | 6.20s | test x: 4.192e+01 | test adj: 1.343e+02 | train x: 2.585e+01 | train adj: 1.399e+02 | 
013 | 6.30s | test x: 3.295e+01 | test adj: 1.320e+02 | train x: 3.006e+01 | train adj: 1.400e+02 | 
014 | 6.29s | test x: 5.614e+01 | test adj: 1.329e+02 | train x: 2.636e+01 | train adj: 1.396e+02 | 
015 | 6.47s | test x: 3.504e+01 | test adj: 1.337e+02 | train x: 2.299e+01 | train adj: 1.396e+02 | 
016 | 6.29s | test x: 4.757e+01 | test adj: 1.357e+02 | train x: 2.354e+01 | train adj: 1.406e+02 | 
017 | 6.26s | test x: 6.800e+01 | test adj: 1.336e+02 | train x: 2.548e+01 | train adj: 1.398e+02 | 
018 | 6.28s | test x: 4.772e+01 | test adj: 1.330e+02 | train x: 2.387e+01 | train adj: 1.401e+02 | 
019 | 6.20s | test x: 3.497e+01 | test adj: 1.318e+02 | train x: 2.368e+01 | train adj: 1.397e+02 | 
020 | 6.18s | test x: 4.652e+01 | test adj: 1.360e+02 | train x: 2.150e+01 | train adj: 1.402e+02 | 
021 | 6.25s | test x: 3.322e+01 | test adj: 1.333e+02 | train x: 2.304e+01 | train adj: 1.406e+02 | 
022 | 6.19s | test x: 2.731e+01 | test adj: 1.312e+02 | train x: 2.512e+01 | train adj: 1.397e+02 | 
023 | 6.09s | test x: 3.992e+01 | test adj: 1.333e+02 | train x: 2.235e+01 | train adj: 1.393e+02 | 
024 | 6.21s | test x: 4.633e+01 | test adj: 1.366e+02 | train x: 2.068e+01 | train adj: 1.400e+02 | 
025 | 6.28s | test x: 4.805e+01 | test adj: 1.346e+02 | train x: 2.396e+01 | train adj: 1.398e+02 | 
026 | 6.20s | test x: 4.035e+01 | test adj: 1.314e+02 | train x: 2.444e+01 | train adj: 1.401e+02 | 
027 | 6.17s | test x: 4.084e+01 | test adj: 1.326e+02 | train x: 2.085e+01 | train adj: 1.394e+02 | 
028 | 6.14s | test x: 4.223e+01 | test adj: 1.338e+02 | train x: 2.203e+01 | train adj: 1.394e+02 | 
029 | 6.27s | test x: 3.854e+01 | test adj: 1.346e+02 | train x: 2.304e+01 | train adj: 1.398e+02 | 
030 | 6.33s | test x: 2.614e+01 | test adj: 1.327e+02 | train x: 2.359e+01 | train adj: 1.399e+02 | 
031 | 6.31s | test x: 4.377e+01 | test adj: 1.333e+02 | train x: 2.247e+01 | train adj: 1.396e+02 | 
032 | 6.28s | test x: 4.157e+01 | test adj: 1.317e+02 | train x: 2.272e+01 | train adj: 1.403e+02 | 
033 | 6.22s | test x: 4.271e+01 | test adj: 1.348e+02 | train x: 1.896e+01 | train adj: 1.399e+02 | 
034 | 6.14s | test x: 3.297e+01 | test adj: 1.339e+02 | train x: 2.203e+01 | train adj: 1.396e+02 | 
035 | 6.27s | test x: 2.899e+01 | test adj: 1.304e+02 | train x: 2.010e+01 | train adj: 1.396e+02 | 
036 | 6.27s | test x: 3.473e+01 | test adj: 1.314e+02 | train x: 1.998e+01 | train adj: 1.390e+02 | 
037 | 6.29s | test x: 3.604e+01 | test adj: 1.320e+02 | train x: 1.981e+01 | train adj: 1.392e+02 | 
038 | 6.33s | test x: 3.064e+01 | test adj: 1.331e+02 | train x: 1.850e+01 | train adj: 1.402e+02 | 
039 | 6.30s | test x: 2.768e+01 | test adj: 1.341e+02 | train x: 2.136e+01 | train adj: 1.402e+02 | 
040 | 6.19s | test x: 4.427e+01 | test adj: 1.336e+02 | train x: 2.058e+01 | train adj: 1.392e+02 | 
041 | 6.25s | test x: 2.766e+01 | test adj: 1.325e+02 | train x: 1.954e+01 | train adj: 1.402e+02 | 
042 | 6.23s | test x: 2.693e+01 | test adj: 1.331e+02 | train x: 1.994e+01 | train adj: 1.395e+02 | 
043 | 6.30s | test x: 4.054e+01 | test adj: 1.341e+02 | train x: 1.765e+01 | train adj: 1.394e+02 | 
044 | 6.24s | test x: 3.002e+01 | test adj: 1.343e+02 | train x: 1.944e+01 | train adj: 1.399e+02 | 
045 | 6.30s | test x: 2.663e+01 | test adj: 1.329e+02 | train x: 1.822e+01 | train adj: 1.395e+02 | 
046 | 6.26s | test x: 3.502e+01 | test adj: 1.329e+02 | train x: 1.766e+01 | train adj: 1.387e+02 | 
047 | 6.30s | test x: 3.496e+01 | test adj: 1.312e+02 | train x: 1.622e+01 | train adj: 1.394e+02 | 
048 | 6.26s | test x: 2.918e+01 | test adj: 1.318e+02 | train x: 1.849e+01 | train adj: 1.388e+02 | 
049 | 6.24s | test x: 3.432e+01 | test adj: 1.321e+02 | train x: 1.793e+01 | train adj: 1.392e+02 | 
050 | 20.03s | test x: 2.787e+01 | test adj: 1.304e+02 | train x: 1.792e+01 | train adj: 1.400e+02 | 
051 | 16.92s | test x: 3.707e+01 | test adj: 1.319e+02 | train x: 1.749e+01 | train adj: 1.396e+02 | 
052 | 24.65s | test x: 3.915e+01 | test adj: 1.303e+02 | train x: 1.753e+01 | train adj: 1.387e+02 | 
053 | 20.01s | test x: 1.914e+01 | test adj: 1.297e+02 | train x: 1.733e+01 | train adj: 1.397e+02 | 
054 | 21.91s | test x: 2.295e+01 | test adj: 1.308e+02 | train x: 1.757e+01 | train adj: 1.392e+02 | 
055 | 13.18s | test x: 2.683e+01 | test adj: 1.333e+02 | train x: 1.756e+01 | train adj: 1.397e+02 | 
056 | 6.31s | test x: 3.957e+01 | test adj: 1.330e+02 | train x: 1.930e+01 | train adj: 1.398e+02 | 
057 | 6.23s | test x: 2.434e+01 | test adj: 1.319e+02 | train x: 1.789e+01 | train adj: 1.396e+02 | 
058 | 6.27s | test x: 3.824e+01 | test adj: 1.341e+02 | train x: 1.643e+01 | train adj: 1.398e+02 | 
059 | 6.27s | test x: 3.057e+01 | test adj: 1.344e+02 | train x: 1.847e+01 | train adj: 1.390e+02 | 
060 | 6.31s | test x: 2.534e+01 | test adj: 1.317e+02 | train x: 1.548e+01 | train adj: 1.384e+02 | 
061 | 6.31s | test x: 2.952e+01 | test adj: 1.331e+02 | train x: 1.751e+01 | train adj: 1.401e+02 | 
062 | 6.32s | test x: 2.833e+01 | test adj: 1.327e+02 | train x: 1.745e+01 | train adj: 1.393e+02 | 
063 | 6.28s | test x: 2.528e+01 | test adj: 1.327e+02 | train x: 1.795e+01 | train adj: 1.398e+02 | 
064 | 6.16s | test x: 2.516e+01 | test adj: 1.321e+02 | train x: 1.564e+01 | train adj: 1.386e+02 | 
065 | 6.09s | test x: 2.311e+01 | test adj: 1.308e+02 | train x: 1.613e+01 | train adj: 1.393e+02 | 
066 | 6.21s | test x: 3.605e+01 | test adj: 1.318e+02 | train x: 1.812e+01 | train adj: 1.396e+02 | 
067 | 6.29s | test x: 2.673e+01 | test adj: 1.306e+02 | train x: 1.549e+01 | train adj: 1.396e+02 | 
068 | 6.19s | test x: 2.699e+01 | test adj: 1.331e+02 | train x: 1.626e+01 | train adj: 1.390e+02 | 
069 | 6.03s | test x: 2.402e+01 | test adj: 1.308e+02 | train x: 1.728e+01 | train adj: 1.386e+02 | 
070 | 6.25s | test x: 2.947e+01 | test adj: 1.317e+02 | train x: 1.740e+01 | train adj: 1.397e+02 | 
071 | 6.33s | test x: 2.651e+01 | test adj: 1.321e+02 | train x: 1.746e+01 | train adj: 1.395e+02 | 
072 | 6.25s | test x: 3.237e+01 | test adj: 1.328e+02 | train x: 1.746e+01 | train adj: 1.397e+02 | 
073 | 6.08s | test x: 1.749e+01 | test adj: 1.348e+02 | train x: 1.539e+01 | train adj: 1.392e+02 | 
074 | 6.27s | test x: 2.232e+01 | test adj: 1.304e+02 | train x: 1.725e+01 | train adj: 1.393e+02 | 
075 | 6.24s | test x: 2.302e+01 | test adj: 1.317e+02 | train x: 1.636e+01 | train adj: 1.398e+02 | 
076 | 6.31s | test x: 4.149e+01 | test adj: 1.324e+02 | train x: 1.478e+01 | train adj: 1.394e+02 | 
077 | 6.28s | test x: 2.030e+01 | test adj: 1.308e+02 | train x: 1.696e+01 | train adj: 1.401e+02 | 
078 | 6.46s | test x: 3.363e+01 | test adj: 1.339e+02 | train x: 1.751e+01 | train adj: 1.403e+02 | 
079 | 6.27s | test x: 2.454e+01 | test adj: 1.305e+02 | train x: 1.708e+01 | train adj: 1.395e+02 | 
080 | 6.31s | test x: 3.379e+01 | test adj: 1.323e+02 | train x: 1.661e+01 | train adj: 1.398e+02 | 
081 | 6.27s | test x: 3.527e+01 | test adj: 1.348e+02 | train x: 1.480e+01 | train adj: 1.394e+02 | 
082 | 6.19s | test x: 3.144e+01 | test adj: 1.313e+02 | train x: 1.796e+01 | train adj: 1.400e+02 | 
083 | 6.32s | test x: 3.141e+01 | test adj: 1.319e+02 | train x: 1.661e+01 | train adj: 1.390e+02 | 
084 | 6.24s | test x: 2.272e+01 | test adj: 1.316e+02 | train x: 1.535e+01 | train adj: 1.394e+02 | 
085 | 6.34s | test x: 2.310e+01 | test adj: 1.336e+02 | train x: 1.360e+01 | train adj: 1.386e+02 | 
086 | 6.29s | test x: 3.060e+01 | test adj: 1.330e+02 | train x: 1.495e+01 | train adj: 1.398e+02 | 
087 | 6.21s | test x: 2.365e+01 | test adj: 1.333e+02 | train x: 1.674e+01 | train adj: 1.398e+02 | 
088 | 6.15s | test x: 2.372e+01 | test adj: 1.310e+02 | train x: 1.593e+01 | train adj: 1.392e+02 | 
089 | 6.25s | test x: 3.424e+01 | test adj: 1.313e+02 | train x: 1.431e+01 | train adj: 1.396e+02 | 
090 | 6.27s | test x: 2.339e+01 | test adj: 1.328e+02 | train x: 1.568e+01 | train adj: 1.393e+02 | 
091 | 6.09s | test x: 2.516e+01 | test adj: 1.330e+02 | train x: 1.671e+01 | train adj: 1.399e+02 | 
092 | 6.13s | test x: 2.491e+01 | test adj: 1.324e+02 | train x: 1.578e+01 | train adj: 1.393e+02 | 
093 | 6.21s | test x: 2.730e+01 | test adj: 1.324e+02 | train x: 1.617e+01 | train adj: 1.397e+02 | 
094 | 6.10s | test x: 2.828e+01 | test adj: 1.316e+02 | train x: 1.606e+01 | train adj: 1.394e+02 | 
095 | 6.22s | test x: 2.340e+01 | test adj: 1.312e+02 | train x: 1.530e+01 | train adj: 1.401e+02 | 
096 | 6.14s | test x: 2.460e+01 | test adj: 1.307e+02 | train x: 1.563e+01 | train adj: 1.389e+02 | 
097 | 6.23s | test x: 3.211e+01 | test adj: 1.325e+02 | train x: 1.507e+01 | train adj: 1.397e+02 | 
098 | 6.18s | test x: 1.447e+01 | test adj: 1.293e+02 | train x: 1.786e+01 | train adj: 1.395e+02 | 
099 | 6.06s | test x: 3.022e+01 | test adj: 1.304e+02 | train x: 1.509e+01 | train adj: 1.389e+02 | 
100 | 6.20s | test x: 3.083e+01 | test adj: 1.365e+02 | train x: 1.665e+01 | train adj: 1.395e+02 | 
101 | 6.15s | test x: 2.974e+01 | test adj: 1.319e+02 | train x: 1.354e+01 | train adj: 1.390e+02 | 
102 | 6.26s | test x: 2.225e+01 | test adj: 1.323e+02 | train x: 1.607e+01 | train adj: 1.391e+02 | 
103 | 6.25s | test x: 2.365e+01 | test adj: 1.315e+02 | train x: 1.506e+01 | train adj: 1.401e+02 | 
104 | 6.25s | test x: 2.201e+01 | test adj: 1.333e+02 | train x: 1.614e+01 | train adj: 1.398e+02 | 
105 | 6.25s | test x: 2.606e+01 | test adj: 1.308e+02 | train x: 1.469e+01 | train adj: 1.392e+02 | 
106 | 6.24s | test x: 4.227e+01 | test adj: 1.319e+02 | train x: 1.394e+01 | train adj: 1.396e+02 | 
107 | 6.46s | test x: 2.780e+01 | test adj: 1.324e+02 | train x: 1.432e+01 | train adj: 1.394e+02 | 
108 | 6.22s | test x: 1.765e+01 | test adj: 1.323e+02 | train x: 1.478e+01 | train adj: 1.391e+02 | 
109 | 6.20s | test x: 2.984e+01 | test adj: 1.321e+02 | train x: 1.686e+01 | train adj: 1.392e+02 | 
110 | 6.34s | test x: 3.082e+01 | test adj: 1.304e+02 | train x: 1.607e+01 | train adj: 1.399e+02 | 
111 | 6.22s | test x: 2.318e+01 | test adj: 1.319e+02 | train x: 1.629e+01 | train adj: 1.392e+02 | 
112 | 6.17s | test x: 1.494e+01 | test adj: 1.311e+02 | train x: 1.759e+01 | train adj: 1.398e+02 | 
113 | 6.22s | test x: 1.787e+01 | test adj: 1.325e+02 | train x: 1.367e+01 | train adj: 1.392e+02 | 
114 | 6.27s | test x: 1.565e+01 | test adj: 1.317e+02 | train x: 1.467e+01 | train adj: 1.393e+02 | 
115 | 6.25s | test x: 3.090e+01 | test adj: 1.319e+02 | train x: 1.319e+01 | train adj: 1.392e+02 | 
116 | 6.15s | test x: 3.254e+01 | test adj: 1.305e+02 | train x: 1.372e+01 | train adj: 1.393e+02 | 
117 | 6.24s | test x: 2.082e+01 | test adj: 1.312e+02 | train x: 1.353e+01 | train adj: 1.399e+02 | 
118 | 6.15s | test x: 2.201e+01 | test adj: 1.331e+02 | train x: 1.361e+01 | train adj: 1.387e+02 | 
119 | 6.17s | test x: 2.788e+01 | test adj: 1.325e+02 | train x: 1.416e+01 | train adj: 1.399e+02 | 
120 | 6.20s | test x: 2.961e+01 | test adj: 1.306e+02 | train x: 1.392e+01 | train adj: 1.398e+02 | 
121 | 6.23s | test x: 2.527e+01 | test adj: 1.296e+02 | train x: 1.303e+01 | train adj: 1.395e+02 | 
122 | 6.33s | test x: 1.656e+01 | test adj: 1.309e+02 | train x: 1.510e+01 | train adj: 1.391e+02 | 
123 | 6.17s | test x: 2.219e+01 | test adj: 1.336e+02 | train x: 1.491e+01 | train adj: 1.399e+02 | 
124 | 6.10s | test x: 2.711e+01 | test adj: 1.310e+02 | train x: 1.367e+01 | train adj: 1.392e+02 | 
125 | 6.17s | test x: 2.273e+01 | test adj: 1.281e+02 | train x: 1.365e+01 | train adj: 1.399e+02 | 
126 | 6.29s | test x: 3.046e+01 | test adj: 1.331e+02 | train x: 1.579e+01 | train adj: 1.387e+02 | 
127 | 6.28s | test x: 1.704e+01 | test adj: 1.318e+02 | train x: 1.502e+01 | train adj: 1.391e+02 | 
128 | 6.27s | test x: 2.638e+01 | test adj: 1.321e+02 | train x: 1.563e+01 | train adj: 1.393e+02 | 
129 | 6.27s | test x: 3.036e+01 | test adj: 1.316e+02 | train x: 1.498e+01 | train adj: 1.397e+02 | 
130 | 6.24s | test x: 2.828e+01 | test adj: 1.331e+02 | train x: 1.354e+01 | train adj: 1.390e+02 | 
131 | 6.30s | test x: 2.470e+01 | test adj: 1.332e+02 | train x: 1.464e+01 | train adj: 1.394e+02 | 
132 | 6.24s | test x: 2.404e+01 | test adj: 1.317e+02 | train x: 1.344e+01 | train adj: 1.396e+02 | 
133 | 6.24s | test x: 2.830e+01 | test adj: 1.326e+02 | train x: 1.333e+01 | train adj: 1.397e+02 | 
134 | 6.26s | test x: 1.886e+01 | test adj: 1.293e+02 | train x: 1.295e+01 | train adj: 1.388e+02 | 
135 | 6.22s | test x: 3.339e+01 | test adj: 1.336e+02 | train x: 1.402e+01 | train adj: 1.392e+02 | 
136 | 6.25s | test x: 2.160e+01 | test adj: 1.308e+02 | train x: 1.264e+01 | train adj: 1.391e+02 | 
137 | 6.27s | test x: 2.112e+01 | test adj: 1.325e+02 | train x: 1.487e+01 | train adj: 1.388e+02 | 
138 | 6.29s | test x: 3.019e+01 | test adj: 1.344e+02 | train x: 1.382e+01 | train adj: 1.390e+02 | 
139 | 6.29s | test x: 2.069e+01 | test adj: 1.304e+02 | train x: 1.501e+01 | train adj: 1.387e+02 | 
140 | 6.23s | test x: 2.314e+01 | test adj: 1.301e+02 | train x: 1.371e+01 | train adj: 1.388e+02 | 
141 | 6.29s | test x: 1.781e+01 | test adj: 1.337e+02 | train x: 1.184e+01 | train adj: 1.388e+02 | 
142 | 6.25s | test x: 3.740e+01 | test adj: 1.317e+02 | train x: 1.394e+01 | train adj: 1.391e+02 | 
143 | 6.11s | test x: 2.417e+01 | test adj: 1.326e+02 | train x: 1.340e+01 | train adj: 1.394e+02 | 
144 | 6.18s | test x: 2.600e+01 | test adj: 1.324e+02 | train x: 1.496e+01 | train adj: 1.391e+02 | 
145 | 6.12s | test x: 1.593e+01 | test adj: 1.302e+02 | train x: 1.226e+01 | train adj: 1.384e+02 | 
146 | 6.22s | test x: 2.257e+01 | test adj: 1.302e+02 | train x: 1.300e+01 | train adj: 1.390e+02 | 
147 | 6.29s | test x: 2.989e+01 | test adj: 1.311e+02 | train x: 1.424e+01 | train adj: 1.384e+02 | 
148 | 6.33s | test x: 2.366e+01 | test adj: 1.314e+02 | train x: 1.397e+01 | train adj: 1.395e+02 | 
149 | 6.32s | test x: 2.718e+01 | test adj: 1.316e+02 | train x: 1.369e+01 | train adj: 1.396e+02 | 
150 | 6.22s | test x: 3.087e+01 | test adj: 1.330e+02 | train x: 1.321e+01 | train adj: 1.401e+02 | 
151 | 6.11s | test x: 1.886e+01 | test adj: 1.331e+02 | train x: 1.353e+01 | train adj: 1.398e+02 | 
152 | 6.32s | test x: 1.708e+01 | test adj: 1.300e+02 | train x: 1.241e+01 | train adj: 1.391e+02 | 
153 | 6.32s | test x: 1.691e+01 | test adj: 1.324e+02 | train x: 1.346e+01 | train adj: 1.398e+02 | 
154 | 6.24s | test x: 2.108e+01 | test adj: 1.307e+02 | train x: 1.353e+01 | train adj: 1.391e+02 | 
155 | 6.29s | test x: 2.122e+01 | test adj: 1.304e+02 | train x: 1.498e+01 | train adj: 1.393e+02 | 
156 | 6.30s | test x: 2.272e+01 | test adj: 1.290e+02 | train x: 1.373e+01 | train adj: 1.393e+02 | 
157 | 6.25s | test x: 2.801e+01 | test adj: 1.341e+02 | train x: 1.386e+01 | train adj: 1.388e+02 | 
158 | 6.31s | test x: 2.512e+01 | test adj: 1.312e+02 | train x: 1.260e+01 | train adj: 1.385e+02 | 
159 | 6.27s | test x: 1.913e+01 | test adj: 1.292e+02 | train x: 1.128e+01 | train adj: 1.390e+02 | 
160 | 6.25s | test x: 2.548e+01 | test adj: 1.309e+02 | train x: 1.334e+01 | train adj: 1.385e+02 | 
161 | 6.29s | test x: 2.047e+01 | test adj: 1.315e+02 | train x: 1.322e+01 | train adj: 1.392e+02 | 
162 | 6.20s | test x: 1.553e+01 | test adj: 1.317e+02 | train x: 1.317e+01 | train adj: 1.388e+02 | 
163 | 6.21s | test x: 1.992e+01 | test adj: 1.312e+02 | train x: 1.315e+01 | train adj: 1.393e+02 | 
164 | 6.11s | test x: 2.536e+01 | test adj: 1.342e+02 | train x: 1.389e+01 | train adj: 1.393e+02 | 
165 | 6.25s | test x: 1.896e+01 | test adj: 1.311e+02 | train x: 1.245e+01 | train adj: 1.388e+02 | 
166 | 6.26s | test x: 2.409e+01 | test adj: 1.337e+02 | train x: 1.321e+01 | train adj: 1.388e+02 | 
167 | 6.31s | test x: 2.594e+01 | test adj: 1.318e+02 | train x: 1.190e+01 | train adj: 1.389e+02 | 
168 | 6.31s | test x: 2.422e+01 | test adj: 1.322e+02 | train x: 1.323e+01 | train adj: 1.390e+02 | 
169 | 6.18s | test x: 1.438e+01 | test adj: 1.322e+02 | train x: 1.239e+01 | train adj: 1.396e+02 | 
170 | 6.26s | test x: 1.987e+01 | test adj: 1.288e+02 | train x: 1.294e+01 | train adj: 1.392e+02 | 
171 | 6.22s | test x: 2.420e+01 | test adj: 1.298e+02 | train x: 1.326e+01 | train adj: 1.395e+02 | 
172 | 6.24s | test x: 2.095e+01 | test adj: 1.323e+02 | train x: 1.202e+01 | train adj: 1.394e+02 | 
173 | 6.33s | test x: 2.384e+01 | test adj: 1.301e+02 | train x: 1.317e+01 | train adj: 1.393e+02 | 
174 | 6.31s | test x: 1.558e+01 | test adj: 1.330e+02 | train x: 1.149e+01 | train adj: 1.396e+02 | 
175 | 6.25s | test x: 2.352e+01 | test adj: 1.313e+02 | train x: 1.126e+01 | train adj: 1.391e+02 | 
176 | 6.23s | test x: 1.554e+01 | test adj: 1.304e+02 | train x: 1.378e+01 | train adj: 1.386e+02 | 
177 | 6.29s | test x: 2.048e+01 | test adj: 1.322e+02 | train x: 1.252e+01 | train adj: 1.395e+02 | 
178 | 6.27s | test x: 1.681e+01 | test adj: 1.307e+02 | train x: 1.213e+01 | train adj: 1.383e+02 | 
179 | 6.24s | test x: 2.083e+01 | test adj: 1.319e+02 | train x: 1.138e+01 | train adj: 1.398e+02 | 
180 | 6.25s | test x: 2.164e+01 | test adj: 1.326e+02 | train x: 1.204e+01 | train adj: 1.389e+02 | 
181 | 6.29s | test x: 1.255e+01 | test adj: 1.310e+02 | train x: 1.239e+01 | train adj: 1.388e+02 | 
182 | 6.25s | test x: 1.890e+01 | test adj: 1.319e+02 | train x: 1.130e+01 | train adj: 1.397e+02 | 
183 | 6.25s | test x: 2.468e+01 | test adj: 1.324e+02 | train x: 1.289e+01 | train adj: 1.397e+02 | 
184 | 6.31s | test x: 2.247e+01 | test adj: 1.347e+02 | train x: 1.057e+01 | train adj: 1.396e+02 | 
185 | 6.31s | test x: 2.515e+01 | test adj: 1.311e+02 | train x: 1.164e+01 | train adj: 1.391e+02 | 
186 | 6.32s | test x: 1.417e+01 | test adj: 1.301e+02 | train x: 1.103e+01 | train adj: 1.390e+02 | 
187 | 6.18s | test x: 2.559e+01 | test adj: 1.316e+02 | train x: 1.094e+01 | train adj: 1.393e+02 | 
188 | 6.15s | test x: 2.107e+01 | test adj: 1.323e+02 | train x: 1.166e+01 | train adj: 1.396e+02 | 
189 | 6.24s | test x: 2.150e+01 | test adj: 1.315e+02 | train x: 1.204e+01 | train adj: 1.388e+02 | 
190 | 6.20s | test x: 1.564e+01 | test adj: 1.310e+02 | train x: 1.323e+01 | train adj: 1.390e+02 | 
191 | 6.30s | test x: 1.692e+01 | test adj: 1.314e+02 | train x: 1.205e+01 | train adj: 1.390e+02 | 
192 | 6.27s | test x: 2.462e+01 | test adj: 1.313e+02 | train x: 1.200e+01 | train adj: 1.394e+02 | 
193 | 6.31s | test x: 2.288e+01 | test adj: 1.322e+02 | train x: 1.045e+01 | train adj: 1.388e+02 | 
194 | 6.17s | test x: 1.548e+01 | test adj: 1.290e+02 | train x: 1.128e+01 | train adj: 1.386e+02 | 
195 | 6.11s | test x: 1.708e+01 | test adj: 1.314e+02 | train x: 1.032e+01 | train adj: 1.387e+02 | 
196 | 6.05s | test x: 1.963e+01 | test adj: 1.315e+02 | train x: 1.125e+01 | train adj: 1.392e+02 | 
197 | 6.24s | test x: 3.863e+01 | test adj: 1.296e+02 | train x: 1.088e+01 | train adj: 1.395e+02 | 
198 | 6.29s | test x: 3.052e+01 | test adj: 1.323e+02 | train x: 1.290e+01 | train adj: 1.394e+02 | 
199 | 6.30s | test x: 1.755e+01 | test adj: 1.300e+02 | train x: 1.185e+01 | train adj: 1.385e+02 | 
200 | 6.20s | test x: 1.919e+01 | test adj: 1.298e+02 | train x: 9.907e+00 | train adj: 1.388e+02 | 
