Nov27_1629_comp
----------------------------------------------------------------------------------------------------
[Twitter]   init=ones (20)   seed=42   batch_size=64 spectral_dim=300
File1: twitter_51200bins_modiffT  File1: twitter_51200bins_modiffT
----------------------------------------------------------------------------------------------------
lr=0.002 schedule=True ema=0.999 epochs=20 reduce=False eps=1e-05
(ScoreNetworkX)+(ScoreNetworkA_eigen=GCN,4)   : depth=2 adim=32 nhid=32 layers=6 linears=2 c=(2 8 4)
(x:VP)=(0.10, 20.00) N=1000 (adj:VP)=(0.10, 20.00) N=1000
----------------------------------------------------------------------------------------------------
001 | 38.10s | test x: 1.201e+01 | test adj: 1.469e+02 | train x: 2.342e+01 | train adj: 1.483e+02 | 
002 | 31.60s | test x: 1.108e+01 | test adj: 1.463e+02 | train x: 9.823e+00 | train adj: 1.472e+02 | 
003 | 32.68s | test x: 9.847e+00 | test adj: 1.452e+02 | train x: 9.916e+00 | train adj: 1.469e+02 | 
004 | 32.20s | test x: 1.032e+01 | test adj: 1.461e+02 | train x: 8.707e+00 | train adj: 1.467e+02 | 
005 | 30.89s | test x: 9.755e+00 | test adj: 1.457e+02 | train x: 8.020e+00 | train adj: 1.469e+02 | 
006 | 31.03s | test x: 9.403e+00 | test adj: 1.469e+02 | train x: 7.996e+00 | train adj: 1.469e+02 | 
007 | 32.14s | test x: 9.293e+00 | test adj: 1.467e+02 | train x: 7.393e+00 | train adj: 1.465e+02 | 
008 | 32.46s | test x: 1.042e+01 | test adj: 1.468e+02 | train x: 7.499e+00 | train adj: 1.467e+02 | 
009 | 32.87s | test x: 9.680e+00 | test adj: 1.456e+02 | train x: 7.255e+00 | train adj: 1.466e+02 | 
010 | 33.15s | test x: 7.602e+00 | test adj: 1.456e+02 | train x: 7.077e+00 | train adj: 1.462e+02 | 
011 | 33.01s | test x: 1.050e+01 | test adj: 1.454e+02 | train x: 6.702e+00 | train adj: 1.468e+02 | 
012 | 32.34s | test x: 7.381e+00 | test adj: 1.458e+02 | train x: 6.588e+00 | train adj: 1.470e+02 | 
013 | 31.89s | test x: 7.822e+00 | test adj: 1.456e+02 | train x: 6.472e+00 | train adj: 1.466e+02 | 
014 | 33.26s | test x: 8.501e+00 | test adj: 1.467e+02 | train x: 6.213e+00 | train adj: 1.467e+02 | 
015 | 31.93s | test x: 6.388e+00 | test adj: 1.455e+02 | train x: 5.829e+00 | train adj: 1.470e+02 | 
016 | 32.66s | test x: 6.938e+00 | test adj: 1.458e+02 | train x: 6.214e+00 | train adj: 1.466e+02 | 
017 | 33.05s | test x: 7.712e+00 | test adj: 1.456e+02 | train x: 5.695e+00 | train adj: 1.468e+02 | 
018 | 31.89s | test x: 9.019e+00 | test adj: 1.463e+02 | train x: 5.486e+00 | train adj: 1.469e+02 | 
019 | 32.65s | test x: 6.765e+00 | test adj: 1.463e+02 | train x: 5.983e+00 | train adj: 1.467e+02 | 
020 | 32.69s | test x: 6.968e+00 | test adj: 1.456e+02 | train x: 5.494e+00 | train adj: 1.463e+02 | 
