Dec02_1658_comp-sample
----------------------------------------------------------------------------------------------------
[Wiki-vote]   init=ones (20)   seed=42   batch_size=64 spectral_dim=64
File1: wiki-vote_6400bins_modiffT  File1: wiki-vote_6400bins_modiffT
----------------------------------------------------------------------------------------------------
lr=0.008 schedule=True ema=0.999 epochs=3 reduce=False eps=1e-05
(ScoreNetworkX)+(ScoreNetworkA_eigen=GCN,2)   : depth=1 adim=16 nhid=16 layers=3 linears=2 c=(1 4 2)
(x:VP)=(0.10, 50.00) N=200 (adj:VP)=(0.10, 50.00) N=200
----------------------------------------------------------------------------------------------------
(Euler)+(Langevin): eps=0.05 denoise=True ema=False || snr=0.05 seps=0.9 n_steps=1 
----------------------------------------------------------------------------------------------------
GEN SEED: 42
Round 0 : 35.03s
(Euler)+(Langevin): eps=0.05 denoise=True ema=False || snr=0.05 seps=0.9 n_steps=1 
----------------------------------------------------------------------------------------------------
GEN SEED: 42
Round 0 : 36.74s
Final Metrics: {'degree': 0.9450360900116725, 'cluster': 1.56531677498894, 'spectral': 0.4041848065729177, 'node_behavior_ks': 1.0, 'random_walk_ks': 0.15, 'pagerank_ks': 0.8223684210526316, 'node_degree_behavior_ks': 1.0, 'degree_centrality_behavior_ks': 0.8421052631578947, 'betweenness_centrality_behavior_ks': 0.8324561403508772, 'closeness_centrality_behavior_ks': 1.0}
(Euler)+(Langevin): eps=0.05 denoise=True ema=False || snr=0.05 seps=0.9 n_steps=1 
----------------------------------------------------------------------------------------------------
GEN SEED: None
(Euler)+(Langevin): eps=0.05 denoise=True ema=False || snr=0.05 seps=0.9 n_steps=1 
----------------------------------------------------------------------------------------------------
GEN SEED: 42
Round 0 : 36.70s
Final Metrics: {'degree': 0.9450360900116725, 'cluster': 1.56531677498894, 'spectral': 0.4041848065729177, 'node_behavior_ks': 1.0, 'random_walk_ks': 0.15, 'pagerank_ks': 0.8223684210526316, 'node_degree_behavior_ks': 1.0, 'degree_centrality_behavior_ks': 0.8421052631578947, 'betweenness_centrality_behavior_ks': 0.8324561403508772, 'closeness_centrality_behavior_ks': 1.0}
(Euler)+(Langevin): eps=0.05 denoise=True ema=False || snr=0.05 seps=0.9 n_steps=1 
----------------------------------------------------------------------------------------------------
GEN SEED: 70
Round 0 : 34.93s
Final Metrics: {'degree': 0.9918548113527504, 'cluster': 1.478095357221387, 'spectral': 0.412680891785102, 'node_behavior_ks': 1.0, 'random_walk_ks': 0.4, 'pagerank_ks': 0.8135964912280702, 'node_degree_behavior_ks': 1.0, 'degree_centrality_behavior_ks': 0.9473684210526315, 'betweenness_centrality_behavior_ks': 0.85, 'closeness_centrality_behavior_ks': 1.0}
