Nov30_1346_comp-sample
----------------------------------------------------------------------------------------------------
[Wiki-vote]   init=ones (20)   seed=42   batch_size=64 spectral_dim=64
File1: wiki-vote_6400bins_modiffT  File1: wiki-vote_6400bins_modiffT
----------------------------------------------------------------------------------------------------
lr=0.004 schedule=True ema=0.999 epochs=3 reduce=False eps=1e-05
(ScoreNetworkX)+(ScoreNetworkA_eigen=GCN,2)   : depth=1 adim=16 nhid=16 layers=3 linears=2 c=(1 4 2)
(x:VP)=(0.10, 50.00) N=200 (adj:VP)=(0.01, 20.00) N=1000
----------------------------------------------------------------------------------------------------
(Euler)+(Langevin): eps=0.02 denoise=True ema=False || snr=0.05 seps=0.9 n_steps=1 
----------------------------------------------------------------------------------------------------
GEN SEED: 42
Round 0 : 40.35s
Final Metrics: {'degree': 0.8109714192451574, 
                'cluster': 0.5268509532976158, 
                'spectral': 0.40143583181495923, 
                'node_behavior_ks': 0.6666666666666666, 
                'random_walk_ks': 0.25, 
                'pagerank_ks': 0.8460526315789474, 
                'node_degree_behavior_ks': 0.6666666666666666, 
                'degree_centrality_behavior_ks': 0.5083333333333333, 
                'betweenness_centrality_behavior_ks': 0.4552631578947368, 
                'closeness_centrality_behavior_ks': 0.4074561403508772}
