Nov30_1208_comp
----------------------------------------------------------------------------------------------------
[Wiki-vote]   init=ones (20)   seed=42   batch_size=64 spectral_dim=64
File1: wiki-vote_6400bins_modiffT  File1: wiki-vote_6400bins_modiffT
----------------------------------------------------------------------------------------------------
lr=0.008 schedule=True ema=0.999 epochs=1 reduce=False eps=1e-05
(ScoreNetworkX)+(ScoreNetworkA_eigen=GCN,2)   : depth=1 adim=16 nhid=16 layers=3 linears=2 c=(1 4 2)
(x:VP)=(0.10, 50.00) N=200 (adj:VP)=(0.10, 50.00) N=200
----------------------------------------------------------------------------------------------------
001 | 4.87s | test x: 1.354e+02 | test adj: 2.325e+01 | train x: 2.136e+02 | train adj: 2.908e+01 | 
Nov30_1208_comp
----------------------------------------------------------------------------------------------------
[Wiki-vote]   init=ones (20)   seed=42   batch_size=64 spectral_dim=64
File1: wiki-vote_25600bins_modiffT  File1: wiki-vote_25600bins_modiffT
----------------------------------------------------------------------------------------------------
lr=0.008 schedule=True ema=0.999 epochs=1 reduce=False eps=1e-05
(ScoreNetworkX)+(ScoreNetworkA_eigen=GCN,2)   : depth=1 adim=16 nhid=16 layers=3 linears=2 c=(1 4 2)
(x:VP)=(0.10, 50.00) N=200 (adj:VP)=(0.10, 50.00) N=200
----------------------------------------------------------------------------------------------------
001 | 17.84s | test x: 1.134e+01 | test adj: 2.944e+01 | train x: 3.881e+01 | train adj: 2.906e+01 | 
