Nov27_1305_comp
----------------------------------------------------------------------------------------------------
[Superuser]   init=ones (20)   seed=42   batch_size=64 spectral_dim=200
File1: superuser_10000bins_modiffT  File1: superuser_10000bins_modiffT
----------------------------------------------------------------------------------------------------
lr=0.002 schedule=True ema=0.999 epochs=200 reduce=False eps=1e-05
(ScoreNetworkX)+(ScoreNetworkA_eigen=GCN,4)   : depth=2 adim=32 nhid=32 layers=6 linears=2 c=(2 8 4)
(x:VP)=(0.10, 20.00) N=1000 (adj:VP)=(0.10, 20.00) N=1000
----------------------------------------------------------------------------------------------------
001 | 2.12s | test x: 7.478e+02 | test adj: 8.365e+01 | train x: 1.313e+03 | train adj: 9.480e+01 | 
002 | 2.00s | test x: 3.019e+02 | test adj: 6.583e+01 | train x: 4.367e+02 | train adj: 7.158e+01 | 
003 | 2.00s | test x: 2.338e+02 | test adj: 5.350e+01 | train x: 2.498e+02 | train adj: 5.418e+01 | 
004 | 2.01s | test x: 2.435e+02 | test adj: 4.659e+01 | train x: 2.474e+02 | train adj: 4.417e+01 | 
005 | 1.97s | test x: 1.789e+02 | test adj: 3.833e+01 | train x: 1.917e+02 | train adj: 3.571e+01 | 
006 | 2.00s | test x: 2.539e+02 | test adj: 3.671e+01 | train x: 2.273e+02 | train adj: 3.278e+01 | 
007 | 2.00s | test x: 1.834e+02 | test adj: 3.322e+01 | train x: 2.244e+02 | train adj: 2.958e+01 | 
008 | 2.02s | test x: 1.457e+02 | test adj: 2.768e+01 | train x: 2.075e+02 | train adj: 2.727e+01 | 
009 | 1.97s | test x: 1.800e+02 | test adj: 2.657e+01 | train x: 1.942e+02 | train adj: 2.561e+01 | 
010 | 2.03s | test x: 1.736e+02 | test adj: 2.857e+01 | train x: 1.990e+02 | train adj: 2.536e+01 | 
011 | 2.04s | test x: 2.007e+02 | test adj: 2.916e+01 | train x: 1.887e+02 | train adj: 2.489e+01 | 
012 | 2.01s | test x: 2.250e+02 | test adj: 3.086e+01 | train x: 1.911e+02 | train adj: 2.533e+01 | 
013 | 1.99s | test x: 1.787e+02 | test adj: 2.961e+01 | train x: 1.579e+02 | train adj: 2.291e+01 | 
014 | 1.99s | test x: 2.158e+02 | test adj: 3.004e+01 | train x: 1.616e+02 | train adj: 2.371e+01 | 
015 | 2.00s | test x: 1.975e+02 | test adj: 2.967e+01 | train x: 1.693e+02 | train adj: 2.418e+01 | 
016 | 1.97s | test x: 1.324e+02 | test adj: 2.593e+01 | train x: 1.625e+02 | train adj: 2.427e+01 | 
017 | 2.00s | test x: 1.332e+02 | test adj: 2.805e+01 | train x: 1.710e+02 | train adj: 2.443e+01 | 
018 | 2.01s | test x: 1.786e+02 | test adj: 2.740e+01 | train x: 1.631e+02 | train adj: 2.422e+01 | 
019 | 1.97s | test x: 1.437e+02 | test adj: 2.579e+01 | train x: 1.578e+02 | train adj: 2.426e+01 | 
020 | 1.99s | test x: 1.819e+02 | test adj: 3.097e+01 | train x: 1.652e+02 | train adj: 2.444e+01 | 
021 | 2.04s | test x: 1.751e+02 | test adj: 2.860e+01 | train x: 1.743e+02 | train adj: 2.512e+01 | 
022 | 2.01s | test x: 1.466e+02 | test adj: 2.586e+01 | train x: 1.542e+02 | train adj: 2.442e+01 | 
023 | 2.00s | test x: 1.590e+02 | test adj: 2.699e+01 | train x: 1.433e+02 | train adj: 2.388e+01 | 
024 | 1.99s | test x: 1.773e+02 | test adj: 2.898e+01 | train x: 1.392e+02 | train adj: 2.364e+01 | 
025 | 1.99s | test x: 1.729e+02 | test adj: 2.906e+01 | train x: 1.516e+02 | train adj: 2.460e+01 | 
026 | 2.04s | test x: 1.184e+02 | test adj: 2.539e+01 | train x: 1.357e+02 | train adj: 2.392e+01 | 
027 | 2.04s | test x: 1.917e+02 | test adj: 3.148e+01 | train x: 1.357e+02 | train adj: 2.437e+01 | 
028 | 2.00s | test x: 1.331e+02 | test adj: 2.648e+01 | train x: 1.650e+02 | train adj: 2.568e+01 | 
029 | 2.00s | test x: 1.366e+02 | test adj: 2.511e+01 | train x: 1.382e+02 | train adj: 2.443e+01 | 
030 | 2.00s | test x: 1.301e+02 | test adj: 2.605e+01 | train x: 1.569e+02 | train adj: 2.496e+01 | 
031 | 1.98s | test x: 2.205e+02 | test adj: 3.233e+01 | train x: 1.451e+02 | train adj: 2.445e+01 | 
032 | 1.96s | test x: 9.603e+01 | test adj: 2.341e+01 | train x: 1.210e+02 | train adj: 2.327e+01 | 
033 | 1.96s | test x: 9.901e+01 | test adj: 2.553e+01 | train x: 1.269e+02 | train adj: 2.328e+01 | 
034 | 1.95s | test x: 1.557e+02 | test adj: 2.658e+01 | train x: 1.289e+02 | train adj: 2.432e+01 | 
035 | 1.95s | test x: 1.205e+02 | test adj: 2.582e+01 | train x: 1.241e+02 | train adj: 2.370e+01 | 
036 | 1.98s | test x: 1.052e+02 | test adj: 2.464e+01 | train x: 1.301e+02 | train adj: 2.376e+01 | 
037 | 2.03s | test x: 1.207e+02 | test adj: 2.581e+01 | train x: 1.320e+02 | train adj: 2.387e+01 | 
038 | 2.00s | test x: 1.361e+02 | test adj: 2.796e+01 | train x: 1.167e+02 | train adj: 2.358e+01 | 
039 | 1.98s | test x: 8.216e+01 | test adj: 2.262e+01 | train x: 1.354e+02 | train adj: 2.491e+01 | 
040 | 1.95s | test x: 1.187e+02 | test adj: 2.768e+01 | train x: 1.364e+02 | train adj: 2.516e+01 | 
041 | 2.05s | test x: 1.220e+02 | test adj: 2.651e+01 | train x: 1.108e+02 | train adj: 2.319e+01 | 
042 | 1.99s | test x: 1.255e+02 | test adj: 2.683e+01 | train x: 1.290e+02 | train adj: 2.436e+01 | 
043 | 1.97s | test x: 1.533e+02 | test adj: 2.912e+01 | train x: 1.331e+02 | train adj: 2.512e+01 | 
044 | 1.98s | test x: 9.230e+01 | test adj: 2.624e+01 | train x: 1.276e+02 | train adj: 2.444e+01 | 
045 | 1.99s | test x: 1.439e+02 | test adj: 2.828e+01 | train x: 1.257e+02 | train adj: 2.461e+01 | 
046 | 1.95s | test x: 7.570e+01 | test adj: 2.625e+01 | train x: 1.219e+02 | train adj: 2.418e+01 | 
047 | 1.94s | test x: 1.641e+02 | test adj: 2.783e+01 | train x: 1.175e+02 | train adj: 2.387e+01 | 
048 | 1.95s | test x: 1.490e+02 | test adj: 2.713e+01 | train x: 1.146e+02 | train adj: 2.332e+01 | 
049 | 1.98s | test x: 1.070e+02 | test adj: 2.941e+01 | train x: 1.165e+02 | train adj: 2.398e+01 | 
050 | 2.04s | test x: 1.048e+02 | test adj: 2.461e+01 | train x: 1.194e+02 | train adj: 2.421e+01 | 
051 | 2.01s | test x: 1.101e+02 | test adj: 2.731e+01 | train x: 1.282e+02 | train adj: 2.448e+01 | 
052 | 1.99s | test x: 1.276e+02 | test adj: 2.546e+01 | train x: 1.213e+02 | train adj: 2.448e+01 | 
053 | 1.99s | test x: 1.045e+02 | test adj: 2.564e+01 | train x: 1.241e+02 | train adj: 2.440e+01 | 
054 | 2.00s | test x: 7.416e+01 | test adj: 2.504e+01 | train x: 1.088e+02 | train adj: 2.342e+01 | 
055 | 1.99s | test x: 9.336e+01 | test adj: 2.510e+01 | train x: 1.197e+02 | train adj: 2.406e+01 | 
056 | 2.00s | test x: 9.533e+01 | test adj: 2.670e+01 | train x: 1.149e+02 | train adj: 2.414e+01 | 
057 | 2.00s | test x: 1.171e+02 | test adj: 2.967e+01 | train x: 1.349e+02 | train adj: 2.524e+01 | 
058 | 1.96s | test x: 1.539e+02 | test adj: 2.802e+01 | train x: 1.220e+02 | train adj: 2.416e+01 | 
059 | 1.99s | test x: 8.732e+01 | test adj: 2.459e+01 | train x: 1.095e+02 | train adj: 2.341e+01 | 
060 | 2.04s | test x: 1.069e+02 | test adj: 2.598e+01 | train x: 1.216e+02 | train adj: 2.442e+01 | 
061 | 1.99s | test x: 1.520e+02 | test adj: 2.767e+01 | train x: 1.250e+02 | train adj: 2.370e+01 | 
062 | 1.99s | test x: 1.183e+02 | test adj: 2.536e+01 | train x: 1.256e+02 | train adj: 2.448e+01 | 
063 | 1.99s | test x: 9.637e+01 | test adj: 2.663e+01 | train x: 1.204e+02 | train adj: 2.460e+01 | 
064 | 2.04s | test x: 1.427e+02 | test adj: 3.202e+01 | train x: 1.107e+02 | train adj: 2.353e+01 | 
065 | 2.00s | test x: 1.066e+02 | test adj: 2.826e+01 | train x: 1.209e+02 | train adj: 2.456e+01 | 
066 | 1.96s | test x: 1.083e+02 | test adj: 2.635e+01 | train x: 1.201e+02 | train adj: 2.403e+01 | 
067 | 1.99s | test x: 1.047e+02 | test adj: 2.631e+01 | train x: 1.152e+02 | train adj: 2.467e+01 | 
068 | 2.04s | test x: 1.497e+02 | test adj: 2.998e+01 | train x: 1.265e+02 | train adj: 2.536e+01 | 
069 | 2.00s | test x: 9.215e+01 | test adj: 2.506e+01 | train x: 1.139e+02 | train adj: 2.449e+01 | 
070 | 2.00s | test x: 1.045e+02 | test adj: 2.930e+01 | train x: 9.647e+01 | train adj: 2.249e+01 | 
071 | 1.99s | test x: 8.164e+01 | test adj: 2.284e+01 | train x: 1.134e+02 | train adj: 2.460e+01 | 
072 | 1.98s | test x: 7.680e+01 | test adj: 2.626e+01 | train x: 1.295e+02 | train adj: 2.530e+01 | 
073 | 2.04s | test x: 1.015e+02 | test adj: 2.621e+01 | train x: 1.000e+02 | train adj: 2.320e+01 | 
074 | 1.99s | test x: 8.838e+01 | test adj: 2.485e+01 | train x: 1.124e+02 | train adj: 2.324e+01 | 
075 | 1.99s | test x: 1.217e+02 | test adj: 2.664e+01 | train x: 1.112e+02 | train adj: 2.381e+01 | 
076 | 2.00s | test x: 7.789e+01 | test adj: 2.478e+01 | train x: 1.300e+02 | train adj: 2.576e+01 | 
077 | 1.99s | test x: 8.073e+01 | test adj: 2.389e+01 | train x: 1.129e+02 | train adj: 2.401e+01 | 
078 | 1.98s | test x: 9.823e+01 | test adj: 2.434e+01 | train x: 1.207e+02 | train adj: 2.405e+01 | 
079 | 2.03s | test x: 1.015e+02 | test adj: 2.517e+01 | train x: 1.029e+02 | train adj: 2.379e+01 | 
080 | 2.00s | test x: 6.493e+01 | test adj: 2.305e+01 | train x: 1.085e+02 | train adj: 2.380e+01 | 
081 | 1.99s | test x: 1.141e+02 | test adj: 2.616e+01 | train x: 1.164e+02 | train adj: 2.439e+01 | 
082 | 1.99s | test x: 1.246e+02 | test adj: 2.792e+01 | train x: 1.160e+02 | train adj: 2.423e+01 | 
083 | 2.00s | test x: 1.381e+02 | test adj: 2.850e+01 | train x: 1.211e+02 | train adj: 2.474e+01 | 
084 | 2.00s | test x: 9.200e+01 | test adj: 2.433e+01 | train x: 9.202e+01 | train adj: 2.321e+01 | 
085 | 1.95s | test x: 1.152e+02 | test adj: 2.907e+01 | train x: 1.032e+02 | train adj: 2.380e+01 | 
086 | 1.99s | test x: 8.200e+01 | test adj: 2.482e+01 | train x: 1.033e+02 | train adj: 2.392e+01 | 
087 | 2.03s | test x: 7.839e+01 | test adj: 2.510e+01 | train x: 1.076e+02 | train adj: 2.447e+01 | 
088 | 1.99s | test x: 1.133e+02 | test adj: 2.491e+01 | train x: 1.171e+02 | train adj: 2.401e+01 | 
089 | 1.99s | test x: 1.102e+02 | test adj: 2.679e+01 | train x: 1.049e+02 | train adj: 2.453e+01 | 
090 | 1.99s | test x: 1.034e+02 | test adj: 2.638e+01 | train x: 1.023e+02 | train adj: 2.355e+01 | 
091 | 2.01s | test x: 7.320e+01 | test adj: 2.526e+01 | train x: 1.054e+02 | train adj: 2.342e+01 | 
092 | 1.99s | test x: 9.235e+01 | test adj: 2.632e+01 | train x: 1.122e+02 | train adj: 2.419e+01 | 
093 | 2.00s | test x: 1.046e+02 | test adj: 2.610e+01 | train x: 9.809e+01 | train adj: 2.332e+01 | 
094 | 1.96s | test x: 1.022e+02 | test adj: 2.853e+01 | train x: 1.043e+02 | train adj: 2.329e+01 | 
095 | 1.99s | test x: 8.562e+01 | test adj: 2.556e+01 | train x: 1.138e+02 | train adj: 2.411e+01 | 
096 | 1.99s | test x: 7.721e+01 | test adj: 2.423e+01 | train x: 1.011e+02 | train adj: 2.375e+01 | 
097 | 1.99s | test x: 1.603e+02 | test adj: 2.920e+01 | train x: 1.002e+02 | train adj: 2.381e+01 | 
098 | 2.01s | test x: 1.428e+02 | test adj: 3.035e+01 | train x: 1.115e+02 | train adj: 2.431e+01 | 
099 | 1.95s | test x: 9.996e+01 | test adj: 2.609e+01 | train x: 1.029e+02 | train adj: 2.376e+01 | 
100 | 1.98s | test x: 7.212e+01 | test adj: 2.441e+01 | train x: 1.029e+02 | train adj: 2.372e+01 | 
101 | 2.03s | test x: 7.218e+01 | test adj: 2.481e+01 | train x: 1.008e+02 | train adj: 2.421e+01 | 
102 | 2.00s | test x: 1.019e+02 | test adj: 2.470e+01 | train x: 9.108e+01 | train adj: 2.345e+01 | 
103 | 1.99s | test x: 7.163e+01 | test adj: 2.423e+01 | train x: 9.561e+01 | train adj: 2.329e+01 | 
104 | 1.98s | test x: 6.784e+01 | test adj: 2.344e+01 | train x: 9.982e+01 | train adj: 2.394e+01 | 
105 | 2.03s | test x: 1.041e+02 | test adj: 3.160e+01 | train x: 9.646e+01 | train adj: 2.373e+01 | 
106 | 2.00s | test x: 6.708e+01 | test adj: 2.436e+01 | train x: 1.044e+02 | train adj: 2.383e+01 | 
107 | 1.97s | test x: 1.148e+02 | test adj: 3.136e+01 | train x: 9.467e+01 | train adj: 2.349e+01 | 
108 | 1.99s | test x: 8.833e+01 | test adj: 2.420e+01 | train x: 1.032e+02 | train adj: 2.442e+01 | 
109 | 1.98s | test x: 5.349e+01 | test adj: 2.243e+01 | train x: 1.063e+02 | train adj: 2.391e+01 | 
110 | 1.96s | test x: 1.037e+02 | test adj: 2.653e+01 | train x: 1.026e+02 | train adj: 2.398e+01 | 
111 | 1.96s | test x: 1.134e+02 | test adj: 2.395e+01 | train x: 1.022e+02 | train adj: 2.428e+01 | 
112 | 1.99s | test x: 9.791e+01 | test adj: 2.861e+01 | train x: 9.356e+01 | train adj: 2.339e+01 | 
113 | 1.99s | test x: 8.022e+01 | test adj: 2.636e+01 | train x: 1.101e+02 | train adj: 2.467e+01 | 
114 | 2.00s | test x: 9.738e+01 | test adj: 2.733e+01 | train x: 8.168e+01 | train adj: 2.276e+01 | 
115 | 1.96s | test x: 1.454e+02 | test adj: 2.693e+01 | train x: 1.104e+02 | train adj: 2.454e+01 | 
116 | 1.98s | test x: 1.160e+02 | test adj: 2.862e+01 | train x: 8.959e+01 | train adj: 2.335e+01 | 
117 | 2.04s | test x: 8.298e+01 | test adj: 2.628e+01 | train x: 1.006e+02 | train adj: 2.432e+01 | 
118 | 1.99s | test x: 5.840e+01 | test adj: 2.337e+01 | train x: 1.005e+02 | train adj: 2.380e+01 | 
119 | 1.96s | test x: 6.516e+01 | test adj: 2.522e+01 | train x: 1.028e+02 | train adj: 2.441e+01 | 
120 | 1.99s | test x: 7.595e+01 | test adj: 2.548e+01 | train x: 7.727e+01 | train adj: 2.196e+01 | 
121 | 2.06s | test x: 6.498e+01 | test adj: 2.529e+01 | train x: 9.077e+01 | train adj: 2.382e+01 | 
122 | 2.00s | test x: 7.626e+01 | test adj: 2.512e+01 | train x: 1.001e+02 | train adj: 2.394e+01 | 
123 | 2.00s | test x: 1.005e+02 | test adj: 2.755e+01 | train x: 1.074e+02 | train adj: 2.433e+01 | 
124 | 2.01s | test x: 1.139e+02 | test adj: 2.717e+01 | train x: 9.554e+01 | train adj: 2.395e+01 | 
125 | 1.99s | test x: 7.949e+01 | test adj: 2.463e+01 | train x: 1.002e+02 | train adj: 2.421e+01 | 
126 | 2.00s | test x: 1.321e+02 | test adj: 2.945e+01 | train x: 1.017e+02 | train adj: 2.463e+01 | 
127 | 2.00s | test x: 6.731e+01 | test adj: 2.608e+01 | train x: 8.235e+01 | train adj: 2.309e+01 | 
128 | 2.00s | test x: 1.102e+02 | test adj: 2.806e+01 | train x: 9.187e+01 | train adj: 2.398e+01 | 
129 | 2.00s | test x: 7.648e+01 | test adj: 2.689e+01 | train x: 8.372e+01 | train adj: 2.259e+01 | 
130 | 2.00s | test x: 1.112e+02 | test adj: 2.825e+01 | train x: 7.717e+01 | train adj: 2.243e+01 | 
131 | 2.05s | test x: 8.894e+01 | test adj: 2.747e+01 | train x: 8.413e+01 | train adj: 2.421e+01 | 
132 | 1.99s | test x: 8.151e+01 | test adj: 2.590e+01 | train x: 8.406e+01 | train adj: 2.336e+01 | 
133 | 1.99s | test x: 1.160e+02 | test adj: 2.703e+01 | train x: 9.950e+01 | train adj: 2.436e+01 | 
134 | 2.00s | test x: 1.253e+02 | test adj: 2.799e+01 | train x: 9.241e+01 | train adj: 2.395e+01 | 
135 | 2.04s | test x: 6.198e+01 | test adj: 2.417e+01 | train x: 9.226e+01 | train adj: 2.414e+01 | 
136 | 1.98s | test x: 1.175e+02 | test adj: 2.737e+01 | train x: 8.706e+01 | train adj: 2.309e+01 | 
137 | 1.92s | test x: 6.227e+01 | test adj: 2.634e+01 | train x: 9.947e+01 | train adj: 2.409e+01 | 
138 | 1.98s | test x: 7.117e+01 | test adj: 2.687e+01 | train x: 7.366e+01 | train adj: 2.326e+01 | 
139 | 1.99s | test x: 7.188e+01 | test adj: 2.354e+01 | train x: 8.715e+01 | train adj: 2.359e+01 | 
140 | 2.00s | test x: 1.119e+02 | test adj: 2.597e+01 | train x: 9.572e+01 | train adj: 2.419e+01 | 
141 | 2.02s | test x: 8.662e+01 | test adj: 2.477e+01 | train x: 9.335e+01 | train adj: 2.388e+01 | 
142 | 2.00s | test x: 7.932e+01 | test adj: 2.683e+01 | train x: 9.236e+01 | train adj: 2.425e+01 | 
143 | 2.00s | test x: 6.437e+01 | test adj: 2.506e+01 | train x: 8.715e+01 | train adj: 2.366e+01 | 
144 | 2.00s | test x: 6.900e+01 | test adj: 2.357e+01 | train x: 9.352e+01 | train adj: 2.374e+01 | 
145 | 2.02s | test x: 6.765e+01 | test adj: 2.629e+01 | train x: 8.867e+01 | train adj: 2.361e+01 | 
146 | 1.97s | test x: 9.905e+01 | test adj: 2.690e+01 | train x: 8.145e+01 | train adj: 2.305e+01 | 
147 | 1.99s | test x: 5.759e+01 | test adj: 2.512e+01 | train x: 8.925e+01 | train adj: 2.355e+01 | 
148 | 2.04s | test x: 8.579e+01 | test adj: 2.664e+01 | train x: 9.115e+01 | train adj: 2.392e+01 | 
149 | 1.98s | test x: 5.823e+01 | test adj: 2.502e+01 | train x: 8.516e+01 | train adj: 2.349e+01 | 
150 | 1.92s | test x: 5.735e+01 | test adj: 2.356e+01 | train x: 8.724e+01 | train adj: 2.309e+01 | 
151 | 1.96s | test x: 6.023e+01 | test adj: 2.296e+01 | train x: 7.958e+01 | train adj: 2.357e+01 | 
152 | 1.98s | test x: 8.380e+01 | test adj: 2.830e+01 | train x: 7.372e+01 | train adj: 2.250e+01 | 
153 | 2.04s | test x: 8.250e+01 | test adj: 2.760e+01 | train x: 8.582e+01 | train adj: 2.384e+01 | 
154 | 2.00s | test x: 1.117e+02 | test adj: 2.756e+01 | train x: 8.594e+01 | train adj: 2.412e+01 | 
155 | 1.99s | test x: 5.281e+01 | test adj: 2.377e+01 | train x: 8.632e+01 | train adj: 2.376e+01 | 
156 | 1.99s | test x: 1.101e+02 | test adj: 2.816e+01 | train x: 8.474e+01 | train adj: 2.374e+01 | 
157 | 1.99s | test x: 4.809e+01 | test adj: 2.598e+01 | train x: 8.359e+01 | train adj: 2.346e+01 | 
158 | 2.01s | test x: 6.109e+01 | test adj: 2.608e+01 | train x: 8.862e+01 | train adj: 2.382e+01 | 
159 | 1.96s | test x: 8.378e+01 | test adj: 2.542e+01 | train x: 7.558e+01 | train adj: 2.299e+01 | 
160 | 1.98s | test x: 1.114e+02 | test adj: 2.624e+01 | train x: 7.311e+01 | train adj: 2.264e+01 | 
161 | 2.04s | test x: 5.775e+01 | test adj: 2.813e+01 | train x: 8.194e+01 | train adj: 2.244e+01 | 
162 | 2.00s | test x: 1.059e+02 | test adj: 2.740e+01 | train x: 7.769e+01 | train adj: 2.364e+01 | 
163 | 2.00s | test x: 7.698e+01 | test adj: 2.614e+01 | train x: 7.782e+01 | train adj: 2.385e+01 | 
164 | 2.00s | test x: 5.014e+01 | test adj: 2.127e+01 | train x: 8.097e+01 | train adj: 2.369e+01 | 
165 | 1.94s | test x: 5.766e+01 | test adj: 2.449e+01 | train x: 8.005e+01 | train adj: 2.304e+01 | 
166 | 2.03s | test x: 7.973e+01 | test adj: 2.739e+01 | train x: 8.773e+01 | train adj: 2.348e+01 | 
167 | 2.04s | test x: 5.487e+01 | test adj: 2.486e+01 | train x: 7.686e+01 | train adj: 2.287e+01 | 
168 | 2.00s | test x: 7.644e+01 | test adj: 2.537e+01 | train x: 8.445e+01 | train adj: 2.303e+01 | 
169 | 2.00s | test x: 6.130e+01 | test adj: 2.935e+01 | train x: 8.367e+01 | train adj: 2.376e+01 | 
170 | 1.99s | test x: 6.567e+01 | test adj: 2.857e+01 | train x: 7.792e+01 | train adj: 2.326e+01 | 
171 | 1.99s | test x: 6.264e+01 | test adj: 2.620e+01 | train x: 8.022e+01 | train adj: 2.377e+01 | 
172 | 2.03s | test x: 9.420e+01 | test adj: 2.649e+01 | train x: 7.982e+01 | train adj: 2.351e+01 | 
173 | 2.00s | test x: 5.477e+01 | test adj: 2.650e+01 | train x: 7.481e+01 | train adj: 2.360e+01 | 
174 | 1.99s | test x: 1.282e+02 | test adj: 3.086e+01 | train x: 7.641e+01 | train adj: 2.335e+01 | 
175 | 1.99s | test x: 7.757e+01 | test adj: 2.409e+01 | train x: 7.900e+01 | train adj: 2.304e+01 | 
176 | 1.99s | test x: 5.745e+01 | test adj: 2.371e+01 | train x: 8.451e+01 | train adj: 2.444e+01 | 
177 | 1.97s | test x: 7.238e+01 | test adj: 2.818e+01 | train x: 8.068e+01 | train adj: 2.362e+01 | 
178 | 1.97s | test x: 6.588e+01 | test adj: 2.413e+01 | train x: 7.657e+01 | train adj: 2.355e+01 | 
179 | 2.00s | test x: 5.337e+01 | test adj: 2.476e+01 | train x: 7.951e+01 | train adj: 2.363e+01 | 
180 | 1.98s | test x: 5.937e+01 | test adj: 2.334e+01 | train x: 8.019e+01 | train adj: 2.389e+01 | 
181 | 2.00s | test x: 8.221e+01 | test adj: 2.827e+01 | train x: 7.611e+01 | train adj: 2.368e+01 | 
182 | 1.99s | test x: 8.220e+01 | test adj: 2.779e+01 | train x: 8.524e+01 | train adj: 2.398e+01 | 
183 | 1.99s | test x: 5.182e+01 | test adj: 2.374e+01 | train x: 7.813e+01 | train adj: 2.377e+01 | 
184 | 2.00s | test x: 5.769e+01 | test adj: 2.424e+01 | train x: 7.936e+01 | train adj: 2.322e+01 | 
185 | 1.95s | test x: 7.346e+01 | test adj: 2.491e+01 | train x: 6.945e+01 | train adj: 2.208e+01 | 
186 | 1.98s | test x: 5.895e+01 | test adj: 2.407e+01 | train x: 7.392e+01 | train adj: 2.310e+01 | 
187 | 2.03s | test x: 9.131e+01 | test adj: 2.568e+01 | train x: 7.264e+01 | train adj: 2.308e+01 | 
188 | 1.99s | test x: 6.253e+01 | test adj: 2.782e+01 | train x: 6.981e+01 | train adj: 2.328e+01 | 
189 | 1.99s | test x: 1.124e+02 | test adj: 2.901e+01 | train x: 8.378e+01 | train adj: 2.428e+01 | 
190 | 1.99s | test x: 7.442e+01 | test adj: 2.583e+01 | train x: 8.217e+01 | train adj: 2.381e+01 | 
191 | 1.98s | test x: 5.804e+01 | test adj: 2.315e+01 | train x: 7.531e+01 | train adj: 2.286e+01 | 
192 | 2.00s | test x: 7.215e+01 | test adj: 2.775e+01 | train x: 8.840e+01 | train adj: 2.473e+01 | 
193 | 2.00s | test x: 7.644e+01 | test adj: 2.642e+01 | train x: 7.023e+01 | train adj: 2.344e+01 | 
194 | 1.96s | test x: 5.509e+01 | test adj: 2.499e+01 | train x: 6.929e+01 | train adj: 2.301e+01 | 
195 | 1.94s | test x: 7.482e+01 | test adj: 2.729e+01 | train x: 7.540e+01 | train adj: 2.357e+01 | 
196 | 1.98s | test x: 6.341e+01 | test adj: 2.560e+01 | train x: 6.550e+01 | train adj: 2.276e+01 | 
197 | 2.03s | test x: 5.199e+01 | test adj: 2.424e+01 | train x: 7.422e+01 | train adj: 2.377e+01 | 
198 | 1.98s | test x: 6.963e+01 | test adj: 2.712e+01 | train x: 8.128e+01 | train adj: 2.396e+01 | 
199 | 1.98s | test x: 7.118e+01 | test adj: 2.775e+01 | train x: 7.373e+01 | train adj: 2.394e+01 | 
200 | 1.98s | test x: 6.971e+01 | test adj: 3.024e+01 | train x: 7.626e+01 | train adj: 2.346e+01 | 
