Nov27_1114_comp
----------------------------------------------------------------------------------------------------
[Wiki-vote]   init=ones (20)   seed=42   batch_size=64 spectral_dim=300
File1: wiki-vote_6400bins_modiffT  File1: wiki-vote_6400bins_modiffT
----------------------------------------------------------------------------------------------------
lr=0.002 schedule=True ema=0.999 epochs=20 reduce=False eps=1e-05
(ScoreNetworkX)+(ScoreNetworkA_eigen=GCN,4)   : depth=2 adim=32 nhid=32 layers=6 linears=2 c=(2 8 4)
(x:VP)=(0.10, 20.00) N=1000 (adj:VP)=(0.10, 20.00) N=1000
----------------------------------------------------------------------------------------------------
001 | 7.66s | test x: 2.252e+02 | test adj: 1.440e+02 | train x: 2.600e+02 | train adj: 1.506e+02 | 
002 | 4.61s | test x: 9.570e+01 | test adj: 1.437e+02 | train x: 1.210e+02 | train adj: 1.452e+02 | 
003 | 4.25s | test x: 6.412e+01 | test adj: 1.409e+02 | train x: 6.078e+01 | train adj: 1.421e+02 | 
004 | 4.35s | test x: 6.587e+01 | test adj: 1.429e+02 | train x: 4.805e+01 | train adj: 1.407e+02 | 
005 | 4.22s | test x: 4.501e+01 | test adj: 1.354e+02 | train x: 3.949e+01 | train adj: 1.392e+02 | 
006 | 4.16s | test x: 3.138e+01 | test adj: 1.374e+02 | train x: 4.206e+01 | train adj: 1.377e+02 | 
007 | 4.41s | test x: 6.181e+01 | test adj: 1.394e+02 | train x: 3.503e+01 | train adj: 1.403e+02 | 
008 | 4.29s | test x: 3.062e+01 | test adj: 1.374e+02 | train x: 3.597e+01 | train adj: 1.379e+02 | 
009 | 4.21s | test x: 3.382e+01 | test adj: 1.354e+02 | train x: 4.644e+01 | train adj: 1.385e+02 | 
010 | 4.44s | test x: 4.962e+01 | test adj: 1.335e+02 | train x: 3.985e+01 | train adj: 1.384e+02 | 
011 | 4.52s | test x: 2.844e+01 | test adj: 1.366e+02 | train x: 3.700e+01 | train adj: 1.387e+02 | 
012 | 4.53s | test x: 2.379e+01 | test adj: 1.368e+02 | train x: 2.957e+01 | train adj: 1.385e+02 | 
013 | 4.13s | test x: 3.656e+01 | test adj: 1.321e+02 | train x: 3.798e+01 | train adj: 1.387e+02 | 
014 | 4.45s | test x: 3.363e+01 | test adj: 1.364e+02 | train x: 4.370e+01 | train adj: 1.377e+02 | 
015 | 4.29s | test x: 3.468e+01 | test adj: 1.329e+02 | train x: 3.265e+01 | train adj: 1.373e+02 | 
016 | 4.36s | test x: 2.434e+01 | test adj: 1.353e+02 | train x: 3.370e+01 | train adj: 1.367e+02 | 
017 | 4.58s | test x: 2.758e+01 | test adj: 1.351e+02 | train x: 3.702e+01 | train adj: 1.377e+02 | 
018 | 4.26s | test x: 6.073e+01 | test adj: 1.363e+02 | train x: 2.600e+01 | train adj: 1.387e+02 | 
019 | 4.41s | test x: 1.850e+01 | test adj: 1.340e+02 | train x: 2.744e+01 | train adj: 1.374e+02 | 
020 | 4.41s | test x: 5.480e+01 | test adj: 1.341e+02 | train x: 3.632e+01 | train adj: 1.389e+02 | 
Nov27_1114_comp
----------------------------------------------------------------------------------------------------
[Wiki-vote]   init=ones (20)   seed=42   batch_size=64 spectral_dim=300
File1: wiki-vote_25600bins_modiffT  File1: wiki-vote_25600bins_modiffT
----------------------------------------------------------------------------------------------------
lr=0.002 schedule=True ema=0.999 epochs=20 reduce=False eps=1e-05
(ScoreNetworkX)+(ScoreNetworkA_eigen=GCN,4)   : depth=2 adim=32 nhid=32 layers=6 linears=2 c=(2 8 4)
(x:VP)=(0.10, 20.00) N=1000 (adj:VP)=(0.10, 20.00) N=1000
----------------------------------------------------------------------------------------------------
001 | 18.81s | test x: 1.408e+01 | test adj: 1.489e+02 | train x: 5.119e+01 | train adj: 1.490e+02 | 
002 | 13.92s | test x: 1.685e+01 | test adj: 1.472e+02 | train x: 1.509e+01 | train adj: 1.463e+02 | 
003 | 14.06s | test x: 1.341e+01 | test adj: 1.418e+02 | train x: 1.360e+01 | train adj: 1.464e+02 | 
004 | 13.67s | test x: 1.330e+01 | test adj: 1.421e+02 | train x: 1.222e+01 | train adj: 1.460e+02 | 
005 | 13.79s | test x: 1.090e+01 | test adj: 1.447e+02 | train x: 1.319e+01 | train adj: 1.458e+02 | 
006 | 14.15s | test x: 1.119e+01 | test adj: 1.464e+02 | train x: 1.310e+01 | train adj: 1.457e+02 | 
007 | 14.16s | test x: 1.229e+01 | test adj: 1.432e+02 | train x: 1.219e+01 | train adj: 1.456e+02 | 
008 | 15.54s | test x: 1.191e+01 | test adj: 1.454e+02 | train x: 1.160e+01 | train adj: 1.461e+02 | 
009 | 30.69s | test x: 1.256e+01 | test adj: 1.454e+02 | train x: 1.182e+01 | train adj: 1.459e+02 | 
010 | 19.68s | test x: 8.202e+00 | test adj: 1.482e+02 | train x: 9.449e+00 | train adj: 1.454e+02 | 
011 | 16.79s | test x: 8.960e+00 | test adj: 1.426e+02 | train x: 1.103e+01 | train adj: 1.458e+02 | 
012 | 19.12s | test x: 9.895e+00 | test adj: 1.451e+02 | train x: 9.978e+00 | train adj: 1.461e+02 | 
013 | 17.94s | test x: 1.109e+01 | test adj: 1.454e+02 | train x: 9.855e+00 | train adj: 1.456e+02 | 
014 | 16.83s | test x: 8.091e+00 | test adj: 1.483e+02 | train x: 8.802e+00 | train adj: 1.454e+02 | 
015 | 17.20s | test x: 6.929e+00 | test adj: 1.421e+02 | train x: 1.007e+01 | train adj: 1.457e+02 | 
016 | 17.74s | test x: 8.344e+00 | test adj: 1.438e+02 | train x: 1.018e+01 | train adj: 1.454e+02 | 
017 | 18.90s | test x: 7.048e+00 | test adj: 1.427e+02 | train x: 9.468e+00 | train adj: 1.457e+02 | 
018 | 19.23s | test x: 6.078e+00 | test adj: 1.455e+02 | train x: 9.090e+00 | train adj: 1.455e+02 | 
019 | 18.54s | test x: 8.990e+00 | test adj: 1.466e+02 | train x: 9.107e+00 | train adj: 1.455e+02 | 
020 | 18.68s | test x: 8.844e+00 | test adj: 1.416e+02 | train x: 8.531e+00 | train adj: 1.459e+02 | 
