Nov28_0656_comp
----------------------------------------------------------------------------------------------------
[Wiki-vote]   init=ones (20)   seed=42   batch_size=64 spectral_dim=16
File1: wiki-vote_6400bins_modiffT  File1: wiki-vote_6400bins_modiffT
----------------------------------------------------------------------------------------------------
lr=0.005 schedule=True ema=0.999 epochs=1 reduce=False eps=1e-05
(ScoreNetworkX)+(ScoreNetworkA_eigen=GCN,2)   : depth=1 adim=16 nhid=16 layers=3 linears=2 c=(2 1 4)
(x:VP)=(0.10, 50.00) N=200 (adj:VP)=(0.10, 50.00) N=200
----------------------------------------------------------------------------------------------------
001 | 4.60s | test x: 2.112e+02 | test adj: 6.881e+00 | train x: 2.564e+02 | train adj: 7.520e+00 | 
Nov28_0656_comp
----------------------------------------------------------------------------------------------------
[Wiki-vote]   init=ones (20)   seed=42   batch_size=64 spectral_dim=16
File1: wiki-vote_25600bins_modiffT  File1: wiki-vote_25600bins_modiffT
----------------------------------------------------------------------------------------------------
lr=0.005 schedule=True ema=0.999 epochs=1 reduce=False eps=1e-05
(ScoreNetworkX)+(ScoreNetworkA_eigen=GCN,2)   : depth=1 adim=16 nhid=16 layers=3 linears=2 c=(2 1 4)
(x:VP)=(0.10, 50.00) N=200 (adj:VP)=(0.10, 50.00) N=200
----------------------------------------------------------------------------------------------------
001 | 12.80s | test x: 1.377e+01 | test adj: 4.613e+00 | train x: 4.759e+01 | train adj: 6.303e+00 | 
