Nov27_1208_comp
----------------------------------------------------------------------------------------------------
[Wiki-vote]   init=ones (20)   seed=42   batch_size=64 spectral_dim=300
File1: wiki-vote_200bins_modiffT  File1: wiki-vote_200bins_modiffT
----------------------------------------------------------------------------------------------------
lr=0.002 schedule=True ema=0.999 epochs=200 reduce=False eps=1e-05
(ScoreNetworkX)+(ScoreNetworkA_eigen=GCN,4)   : depth=2 adim=32 nhid=32 layers=6 linears=2 c=(2 8 4)
(x:VP)=(0.10, 20.00) N=1000 (adj:VP)=(0.10, 20.00) N=1000
----------------------------------------------------------------------------------------------------
001 | 0.44s | test x: 3.603e+03 | test adj: 1.822e+02 | train x: 3.763e+03 | train adj: 1.665e+02 | 
002 | 0.08s | test x: 3.506e+03 | test adj: 1.584e+02 | train x: 3.522e+03 | train adj: 1.666e+02 | 
003 | 0.08s | test x: 3.144e+03 | test adj: 1.583e+02 | train x: 3.308e+03 | train adj: 1.685e+02 | 
004 | 0.07s | test x: 3.043e+03 | test adj: 1.451e+02 | train x: 3.177e+03 | train adj: 1.617e+02 | 
005 | 0.07s | test x: 2.651e+03 | test adj: 1.507e+02 | train x: 2.939e+03 | train adj: 1.568e+02 | 
006 | 0.07s | test x: 2.643e+03 | test adj: 1.410e+02 | train x: 2.797e+03 | train adj: 1.507e+02 | 
007 | 0.07s | test x: 2.615e+03 | test adj: 1.383e+02 | train x: 2.514e+03 | train adj: 1.544e+02 | 
008 | 0.07s | test x: 2.289e+03 | test adj: 1.690e+02 | train x: 2.320e+03 | train adj: 1.492e+02 | 
009 | 0.07s | test x: 1.822e+03 | test adj: 1.508e+02 | train x: 2.070e+03 | train adj: 1.455e+02 | 
010 | 0.07s | test x: 1.796e+03 | test adj: 1.396e+02 | train x: 2.299e+03 | train adj: 1.474e+02 | 
011 | 0.07s | test x: 1.601e+03 | test adj: 1.300e+02 | train x: 1.997e+03 | train adj: 1.490e+02 | 
012 | 0.06s | test x: 1.353e+03 | test adj: 1.389e+02 | train x: 1.593e+03 | train adj: 1.397e+02 | 
013 | 0.07s | test x: 1.213e+03 | test adj: 1.335e+02 | train x: 1.357e+03 | train adj: 1.364e+02 | 
014 | 0.07s | test x: 1.071e+03 | test adj: 1.417e+02 | train x: 1.328e+03 | train adj: 1.388e+02 | 
015 | 0.07s | test x: 1.051e+03 | test adj: 1.296e+02 | train x: 1.315e+03 | train adj: 1.337e+02 | 
016 | 0.07s | test x: 1.052e+03 | test adj: 1.465e+02 | train x: 1.021e+03 | train adj: 1.394e+02 | 
017 | 0.06s | test x: 7.041e+02 | test adj: 1.351e+02 | train x: 1.029e+03 | train adj: 1.317e+02 | 
018 | 0.07s | test x: 6.878e+02 | test adj: 1.123e+02 | train x: 1.251e+03 | train adj: 1.387e+02 | 
019 | 0.07s | test x: 6.171e+02 | test adj: 1.107e+02 | train x: 9.844e+02 | train adj: 1.311e+02 | 
020 | 0.07s | test x: 4.484e+02 | test adj: 1.213e+02 | train x: 5.767e+02 | train adj: 1.255e+02 | 
021 | 0.07s | test x: 5.239e+02 | test adj: 1.408e+02 | train x: 8.404e+02 | train adj: 1.305e+02 | 
022 | 0.06s | test x: 2.486e+03 | test adj: 1.417e+02 | train x: 4.646e+02 | train adj: 1.163e+02 | 
023 | 0.07s | test x: 3.306e+02 | test adj: 1.115e+02 | train x: 6.113e+02 | train adj: 1.217e+02 | 
024 | 0.07s | test x: 3.091e+02 | test adj: 1.209e+02 | train x: 4.277e+02 | train adj: 1.273e+02 | 
025 | 0.07s | test x: 3.128e+03 | test adj: 1.532e+02 | train x: 1.076e+03 | train adj: 1.272e+02 | 
026 | 0.07s | test x: 6.241e+02 | test adj: 1.366e+02 | train x: 7.208e+02 | train adj: 1.215e+02 | 
027 | 0.06s | test x: 2.167e+03 | test adj: 1.679e+02 | train x: 7.313e+02 | train adj: 1.185e+02 | 
028 | 0.07s | test x: 3.536e+02 | test adj: 1.041e+02 | train x: 7.408e+02 | train adj: 1.122e+02 | 
029 | 0.07s | test x: 3.525e+02 | test adj: 9.948e+01 | train x: 7.115e+02 | train adj: 1.134e+02 | 
030 | 0.07s | test x: 3.565e+02 | test adj: 1.143e+02 | train x: 9.033e+02 | train adj: 1.161e+02 | 
031 | 0.07s | test x: 3.522e+02 | test adj: 1.263e+02 | train x: 3.807e+02 | train adj: 1.053e+02 | 
032 | 0.06s | test x: 2.907e+02 | test adj: 1.005e+02 | train x: 4.354e+02 | train adj: 1.078e+02 | 
033 | 0.07s | test x: 2.493e+02 | test adj: 1.016e+02 | train x: 4.517e+02 | train adj: 1.030e+02 | 
034 | 0.08s | test x: 3.626e+02 | test adj: 1.177e+02 | train x: 6.058e+02 | train adj: 1.073e+02 | 
035 | 0.07s | test x: 2.131e+02 | test adj: 1.048e+02 | train x: 4.509e+02 | train adj: 1.040e+02 | 
036 | 0.07s | test x: 2.338e+02 | test adj: 8.724e+01 | train x: 4.149e+02 | train adj: 9.937e+01 | 
037 | 0.06s | test x: 2.235e+02 | test adj: 9.100e+01 | train x: 2.223e+02 | train adj: 9.656e+01 | 
038 | 0.07s | test x: 1.951e+02 | test adj: 8.848e+01 | train x: 3.700e+02 | train adj: 1.044e+02 | 
039 | 0.07s | test x: 1.803e+02 | test adj: 8.365e+01 | train x: 4.274e+02 | train adj: 9.691e+01 | 
040 | 0.07s | test x: 1.515e+02 | test adj: 9.167e+01 | train x: 3.234e+02 | train adj: 9.773e+01 | 
041 | 0.07s | test x: 5.361e+02 | test adj: 1.153e+02 | train x: 4.416e+02 | train adj: 9.733e+01 | 
042 | 0.07s | test x: 1.546e+02 | test adj: 9.695e+01 | train x: 5.363e+02 | train adj: 9.779e+01 | 
043 | 0.07s | test x: 1.345e+02 | test adj: 9.417e+01 | train x: 3.560e+02 | train adj: 9.222e+01 | 
044 | 0.06s | test x: 1.403e+02 | test adj: 9.191e+01 | train x: 7.589e+02 | train adj: 9.797e+01 | 
045 | 0.07s | test x: 1.486e+02 | test adj: 9.158e+01 | train x: 5.192e+02 | train adj: 9.192e+01 | 
046 | 0.07s | test x: 2.588e+02 | test adj: 9.009e+01 | train x: 7.093e+02 | train adj: 9.218e+01 | 
047 | 0.07s | test x: 1.225e+02 | test adj: 9.026e+01 | train x: 3.955e+02 | train adj: 8.763e+01 | 
048 | 0.07s | test x: 1.468e+02 | test adj: 7.421e+01 | train x: 2.812e+02 | train adj: 8.489e+01 | 
049 | 0.06s | test x: 2.979e+03 | test adj: 1.377e+02 | train x: 3.061e+02 | train adj: 8.713e+01 | 
050 | 0.07s | test x: 1.402e+02 | test adj: 8.250e+01 | train x: 8.475e+02 | train adj: 9.779e+01 | 
051 | 0.07s | test x: 1.336e+02 | test adj: 8.543e+01 | train x: 2.836e+02 | train adj: 8.178e+01 | 
052 | 0.07s | test x: 2.228e+02 | test adj: 8.898e+01 | train x: 3.882e+02 | train adj: 8.348e+01 | 
053 | 0.07s | test x: 1.481e+02 | test adj: 8.557e+01 | train x: 5.994e+02 | train adj: 8.570e+01 | 
054 | 0.07s | test x: 1.535e+02 | test adj: 9.036e+01 | train x: 2.949e+02 | train adj: 8.005e+01 | 
055 | 0.07s | test x: 1.378e+02 | test adj: 8.268e+01 | train x: 2.950e+02 | train adj: 7.747e+01 | 
056 | 0.07s | test x: 1.324e+02 | test adj: 7.925e+01 | train x: 4.323e+02 | train adj: 8.225e+01 | 
057 | 0.07s | test x: 1.768e+02 | test adj: 9.441e+01 | train x: 5.727e+02 | train adj: 8.458e+01 | 
058 | 0.07s | test x: 1.458e+02 | test adj: 6.888e+01 | train x: 3.228e+02 | train adj: 8.103e+01 | 
059 | 0.06s | test x: 6.265e+02 | test adj: 9.983e+01 | train x: 3.638e+02 | train adj: 7.799e+01 | 
060 | 0.07s | test x: 1.221e+02 | test adj: 6.426e+01 | train x: 4.061e+02 | train adj: 7.537e+01 | 
061 | 0.07s | test x: 1.694e+03 | test adj: 1.045e+02 | train x: 2.526e+02 | train adj: 6.867e+01 | 
062 | 0.07s | test x: 3.139e+03 | test adj: 1.335e+02 | train x: 4.246e+02 | train adj: 7.418e+01 | 
063 | 0.07s | test x: 2.422e+03 | test adj: 1.239e+02 | train x: 2.843e+02 | train adj: 7.109e+01 | 
064 | 0.07s | test x: 1.262e+02 | test adj: 6.436e+01 | train x: 2.817e+02 | train adj: 6.918e+01 | 
065 | 0.07s | test x: 1.096e+02 | test adj: 7.341e+01 | train x: 3.956e+02 | train adj: 6.987e+01 | 
066 | 0.07s | test x: 1.132e+02 | test adj: 6.088e+01 | train x: 5.438e+02 | train adj: 7.441e+01 | 
067 | 0.07s | test x: 1.357e+02 | test adj: 8.879e+01 | train x: 5.945e+02 | train adj: 7.778e+01 | 
068 | 0.07s | test x: 2.210e+03 | test adj: 1.262e+02 | train x: 3.845e+02 | train adj: 6.979e+01 | 
069 | 0.07s | test x: 1.098e+02 | test adj: 5.275e+01 | train x: 3.676e+02 | train adj: 6.958e+01 | 
070 | 0.07s | test x: 1.014e+02 | test adj: 6.099e+01 | train x: 4.400e+02 | train adj: 6.886e+01 | 
071 | 0.07s | test x: 3.085e+03 | test adj: 1.269e+02 | train x: 2.967e+02 | train adj: 6.228e+01 | 
072 | 0.07s | test x: 9.646e+01 | test adj: 5.919e+01 | train x: 3.921e+02 | train adj: 6.383e+01 | 
073 | 0.07s | test x: 9.539e+01 | test adj: 5.903e+01 | train x: 2.455e+02 | train adj: 6.313e+01 | 
074 | 0.06s | test x: 9.489e+01 | test adj: 4.641e+01 | train x: 4.920e+02 | train adj: 6.663e+01 | 
075 | 0.07s | test x: 3.024e+03 | test adj: 1.361e+02 | train x: 1.245e+02 | train adj: 5.479e+01 | 
076 | 0.07s | test x: 1.133e+02 | test adj: 4.833e+01 | train x: 5.540e+02 | train adj: 7.088e+01 | 
077 | 0.07s | test x: 1.158e+02 | test adj: 6.635e+01 | train x: 7.179e+02 | train adj: 7.085e+01 | 
078 | 0.07s | test x: 9.148e+01 | test adj: 4.412e+01 | train x: 4.652e+02 | train adj: 6.792e+01 | 
079 | 0.07s | test x: 3.623e+03 | test adj: 1.358e+02 | train x: 3.938e+02 | train adj: 6.198e+01 | 
080 | 0.07s | test x: 1.189e+02 | test adj: 5.011e+01 | train x: 2.731e+02 | train adj: 5.604e+01 | 
081 | 0.07s | test x: 1.249e+03 | test adj: 9.567e+01 | train x: 4.494e+02 | train adj: 6.075e+01 | 
082 | 0.07s | test x: 1.003e+02 | test adj: 4.712e+01 | train x: 2.790e+02 | train adj: 6.080e+01 | 
083 | 0.07s | test x: 1.342e+02 | test adj: 6.270e+01 | train x: 3.381e+02 | train adj: 5.902e+01 | 
084 | 0.07s | test x: 1.362e+02 | test adj: 4.966e+01 | train x: 5.696e+02 | train adj: 6.604e+01 | 
085 | 0.07s | test x: 1.076e+02 | test adj: 4.929e+01 | train x: 4.575e+02 | train adj: 6.086e+01 | 
086 | 0.06s | test x: 1.088e+02 | test adj: 4.281e+01 | train x: 3.315e+02 | train adj: 5.644e+01 | 
087 | 0.07s | test x: 1.419e+02 | test adj: 5.177e+01 | train x: 2.835e+02 | train adj: 5.484e+01 | 
088 | 0.07s | test x: 5.860e+02 | test adj: 6.320e+01 | train x: 6.155e+02 | train adj: 6.592e+01 | 
089 | 0.07s | test x: 1.881e+02 | test adj: 5.218e+01 | train x: 5.226e+02 | train adj: 6.534e+01 | 
090 | 0.08s | test x: 1.006e+02 | test adj: 3.846e+01 | train x: 1.081e+03 | train adj: 7.964e+01 | 
091 | 0.07s | test x: 3.767e+03 | test adj: 1.543e+02 | train x: 3.519e+02 | train adj: 5.189e+01 | 
092 | 0.07s | test x: 1.074e+02 | test adj: 4.842e+01 | train x: 2.447e+02 | train adj: 5.029e+01 | 
093 | 0.06s | test x: 1.178e+02 | test adj: 4.420e+01 | train x: 2.616e+02 | train adj: 4.963e+01 | 
094 | 0.07s | test x: 8.847e+01 | test adj: 3.392e+01 | train x: 2.993e+02 | train adj: 5.303e+01 | 
095 | 0.07s | test x: 1.283e+02 | test adj: 4.399e+01 | train x: 2.679e+02 | train adj: 5.151e+01 | 
096 | 0.06s | test x: 1.223e+02 | test adj: 3.451e+01 | train x: 2.565e+02 | train adj: 4.930e+01 | 
097 | 0.07s | test x: 2.113e+02 | test adj: 5.387e+01 | train x: 2.377e+02 | train adj: 4.511e+01 | 
098 | 0.06s | test x: 9.946e+01 | test adj: 3.981e+01 | train x: 3.832e+02 | train adj: 5.472e+01 | 
099 | 0.07s | test x: 1.099e+02 | test adj: 3.982e+01 | train x: 1.692e+02 | train adj: 4.352e+01 | 
100 | 0.07s | test x: 1.266e+02 | test adj: 4.268e+01 | train x: 5.213e+02 | train adj: 5.486e+01 | 
101 | 0.06s | test x: 1.158e+02 | test adj: 4.290e+01 | train x: 6.876e+02 | train adj: 6.129e+01 | 
102 | 0.06s | test x: 8.508e+01 | test adj: 4.550e+01 | train x: 7.261e+02 | train adj: 6.614e+01 | 
103 | 0.06s | test x: 8.442e+01 | test adj: 3.879e+01 | train x: 3.325e+02 | train adj: 4.585e+01 | 
104 | 0.06s | test x: 9.253e+01 | test adj: 3.265e+01 | train x: 6.834e+02 | train adj: 6.171e+01 | 
105 | 0.07s | test x: 1.042e+02 | test adj: 3.752e+01 | train x: 1.422e+02 | train adj: 4.000e+01 | 
106 | 0.07s | test x: 9.041e+01 | test adj: 4.266e+01 | train x: 1.822e+02 | train adj: 4.191e+01 | 
107 | 0.07s | test x: 9.621e+01 | test adj: 4.091e+01 | train x: 2.666e+02 | train adj: 4.686e+01 | 
108 | 0.08s | test x: 1.087e+02 | test adj: 3.255e+01 | train x: 5.071e+02 | train adj: 5.184e+01 | 
109 | 0.07s | test x: 2.576e+03 | test adj: 1.240e+02 | train x: 2.283e+02 | train adj: 4.081e+01 | 
110 | 0.07s | test x: 9.039e+01 | test adj: 4.076e+01 | train x: 5.486e+02 | train adj: 5.226e+01 | 
111 | 0.07s | test x: 3.424e+03 | test adj: 1.515e+02 | train x: 5.124e+02 | train adj: 5.299e+01 | 
112 | 0.06s | test x: 9.096e+01 | test adj: 3.245e+01 | train x: 6.729e+02 | train adj: 5.926e+01 | 
113 | 0.07s | test x: 5.197e+02 | test adj: 5.302e+01 | train x: 6.761e+02 | train adj: 5.624e+01 | 
114 | 0.07s | test x: 1.007e+02 | test adj: 3.591e+01 | train x: 1.399e+02 | train adj: 3.548e+01 | 
115 | 0.07s | test x: 4.375e+02 | test adj: 5.713e+01 | train x: 3.416e+02 | train adj: 4.532e+01 | 
116 | 0.07s | test x: 1.921e+03 | test adj: 1.149e+02 | train x: 2.839e+02 | train adj: 4.389e+01 | 
117 | 0.06s | test x: 8.474e+01 | test adj: 2.451e+01 | train x: 3.967e+02 | train adj: 4.572e+01 | 
118 | 0.07s | test x: 1.134e+02 | test adj: 3.650e+01 | train x: 4.203e+02 | train adj: 4.678e+01 | 
119 | 0.07s | test x: 1.203e+02 | test adj: 2.879e+01 | train x: 2.272e+02 | train adj: 3.891e+01 | 
120 | 0.07s | test x: 1.353e+02 | test adj: 3.519e+01 | train x: 3.163e+02 | train adj: 4.099e+01 | 
121 | 0.07s | test x: 9.663e+01 | test adj: 2.674e+01 | train x: 2.393e+02 | train adj: 3.737e+01 | 
122 | 0.06s | test x: 9.855e+01 | test adj: 3.023e+01 | train x: 8.461e+02 | train adj: 6.141e+01 | 
123 | 0.07s | test x: 1.187e+02 | test adj: 3.556e+01 | train x: 3.881e+02 | train adj: 4.211e+01 | 
124 | 0.07s | test x: 1.396e+03 | test adj: 8.615e+01 | train x: 3.975e+02 | train adj: 4.282e+01 | 
125 | 0.07s | test x: 1.588e+02 | test adj: 4.327e+01 | train x: 1.620e+02 | train adj: 3.355e+01 | 
126 | 0.07s | test x: 9.882e+01 | test adj: 3.114e+01 | train x: 6.371e+02 | train adj: 5.122e+01 | 
127 | 0.06s | test x: 1.023e+02 | test adj: 2.939e+01 | train x: 4.910e+02 | train adj: 4.731e+01 | 
128 | 0.07s | test x: 8.799e+01 | test adj: 2.738e+01 | train x: 3.197e+02 | train adj: 3.758e+01 | 
129 | 0.07s | test x: 4.493e+02 | test adj: 5.482e+01 | train x: 3.437e+02 | train adj: 4.102e+01 | 
130 | 0.07s | test x: 8.942e+01 | test adj: 2.807e+01 | train x: 1.634e+02 | train adj: 3.129e+01 | 
131 | 0.07s | test x: 1.062e+02 | test adj: 3.084e+01 | train x: 4.620e+02 | train adj: 4.709e+01 | 
132 | 0.06s | test x: 3.352e+03 | test adj: 1.418e+02 | train x: 3.051e+02 | train adj: 3.775e+01 | 
133 | 0.07s | test x: 1.340e+02 | test adj: 2.417e+01 | train x: 4.411e+02 | train adj: 4.294e+01 | 
134 | 0.07s | test x: 9.159e+01 | test adj: 1.862e+01 | train x: 4.615e+02 | train adj: 4.281e+01 | 
135 | 0.07s | test x: 2.865e+03 | test adj: 1.209e+02 | train x: 4.340e+02 | train adj: 4.171e+01 | 
136 | 0.07s | test x: 1.306e+03 | test adj: 8.301e+01 | train x: 6.030e+02 | train adj: 4.955e+01 | 
137 | 0.06s | test x: 2.074e+03 | test adj: 9.729e+01 | train x: 1.417e+02 | train adj: 2.736e+01 | 
138 | 0.07s | test x: 3.714e+02 | test adj: 4.316e+01 | train x: 4.360e+02 | train adj: 4.395e+01 | 
139 | 0.07s | test x: 8.165e+01 | test adj: 2.248e+01 | train x: 3.630e+02 | train adj: 3.531e+01 | 
140 | 0.07s | test x: 1.261e+02 | test adj: 2.765e+01 | train x: 1.953e+02 | train adj: 3.137e+01 | 
141 | 0.07s | test x: 8.842e+01 | test adj: 2.669e+01 | train x: 2.121e+02 | train adj: 3.217e+01 | 
142 | 0.06s | test x: 1.268e+02 | test adj: 2.216e+01 | train x: 2.118e+02 | train adj: 3.336e+01 | 
143 | 0.07s | test x: 1.128e+02 | test adj: 2.483e+01 | train x: 2.975e+02 | train adj: 3.451e+01 | 
144 | 0.07s | test x: 9.041e+01 | test adj: 2.298e+01 | train x: 7.030e+02 | train adj: 4.749e+01 | 
145 | 0.07s | test x: 8.275e+01 | test adj: 1.793e+01 | train x: 4.299e+02 | train adj: 3.835e+01 | 
146 | 0.07s | test x: 8.582e+01 | test adj: 2.197e+01 | train x: 4.459e+02 | train adj: 4.024e+01 | 
147 | 0.07s | test x: 1.145e+02 | test adj: 2.611e+01 | train x: 1.914e+02 | train adj: 2.811e+01 | 
148 | 0.07s | test x: 1.271e+02 | test adj: 2.597e+01 | train x: 3.250e+02 | train adj: 3.790e+01 | 
149 | 0.07s | test x: 1.046e+02 | test adj: 2.336e+01 | train x: 2.325e+02 | train adj: 3.061e+01 | 
150 | 0.07s | test x: 6.756e+02 | test adj: 5.120e+01 | train x: 2.046e+02 | train adj: 2.694e+01 | 
151 | 0.07s | test x: 3.156e+03 | test adj: 1.245e+02 | train x: 1.348e+02 | train adj: 2.514e+01 | 
152 | 0.06s | test x: 3.408e+03 | test adj: 1.301e+02 | train x: 4.009e+02 | train adj: 3.698e+01 | 
153 | 0.07s | test x: 1.231e+02 | test adj: 1.838e+01 | train x: 9.010e+01 | train adj: 2.281e+01 | 
154 | 0.07s | test x: 1.048e+02 | test adj: 2.112e+01 | train x: 4.765e+02 | train adj: 3.595e+01 | 
155 | 0.07s | test x: 3.935e+02 | test adj: 4.223e+01 | train x: 6.554e+02 | train adj: 4.549e+01 | 
156 | 0.07s | test x: 1.142e+02 | test adj: 2.127e+01 | train x: 3.020e+02 | train adj: 3.085e+01 | 
157 | 0.06s | test x: 1.063e+02 | test adj: 1.915e+01 | train x: 4.959e+02 | train adj: 3.889e+01 | 
158 | 0.07s | test x: 1.166e+02 | test adj: 1.837e+01 | train x: 4.784e+02 | train adj: 4.033e+01 | 
159 | 0.07s | test x: 7.418e+02 | test adj: 5.959e+01 | train x: 4.170e+02 | train adj: 3.773e+01 | 
160 | 0.07s | test x: 3.377e+02 | test adj: 4.170e+01 | train x: 3.201e+02 | train adj: 3.161e+01 | 
161 | 0.07s | test x: 1.562e+02 | test adj: 3.255e+01 | train x: 4.254e+02 | train adj: 3.646e+01 | 
162 | 0.06s | test x: 9.159e+01 | test adj: 1.754e+01 | train x: 4.234e+02 | train adj: 3.544e+01 | 
163 | 0.07s | test x: 1.122e+02 | test adj: 1.799e+01 | train x: 2.662e+02 | train adj: 3.235e+01 | 
164 | 0.07s | test x: 9.810e+01 | test adj: 1.434e+01 | train x: 1.365e+02 | train adj: 2.244e+01 | 
165 | 0.07s | test x: 1.725e+03 | test adj: 9.146e+01 | train x: 2.978e+02 | train adj: 2.840e+01 | 
166 | 0.07s | test x: 1.019e+03 | test adj: 6.690e+01 | train x: 5.996e+02 | train adj: 4.559e+01 | 
167 | 0.06s | test x: 8.835e+01 | test adj: 1.791e+01 | train x: 1.124e+02 | train adj: 2.122e+01 | 
168 | 0.07s | test x: 1.186e+02 | test adj: 1.839e+01 | train x: 3.039e+02 | train adj: 2.868e+01 | 
169 | 0.07s | test x: 1.034e+02 | test adj: 1.846e+01 | train x: 1.429e+02 | train adj: 2.277e+01 | 
170 | 0.07s | test x: 2.716e+02 | test adj: 3.130e+01 | train x: 4.978e+02 | train adj: 3.538e+01 | 
171 | 0.07s | test x: 1.148e+02 | test adj: 1.678e+01 | train x: 4.165e+02 | train adj: 3.554e+01 | 
172 | 0.06s | test x: 9.300e+01 | test adj: 1.716e+01 | train x: 9.603e+01 | train adj: 1.894e+01 | 
173 | 0.07s | test x: 1.078e+02 | test adj: 1.745e+01 | train x: 2.871e+02 | train adj: 2.816e+01 | 
174 | 0.07s | test x: 9.829e+02 | test adj: 6.752e+01 | train x: 2.592e+02 | train adj: 2.764e+01 | 
175 | 0.07s | test x: 9.400e+01 | test adj: 1.630e+01 | train x: 4.985e+02 | train adj: 3.749e+01 | 
176 | 0.07s | test x: 8.516e+01 | test adj: 1.555e+01 | train x: 3.970e+02 | train adj: 3.526e+01 | 
177 | 0.06s | test x: 7.491e+01 | test adj: 1.430e+01 | train x: 1.865e+02 | train adj: 2.335e+01 | 
178 | 0.07s | test x: 1.022e+02 | test adj: 1.469e+01 | train x: 2.679e+02 | train adj: 2.777e+01 | 
179 | 0.07s | test x: 1.035e+02 | test adj: 1.570e+01 | train x: 1.813e+02 | train adj: 2.181e+01 | 
180 | 0.07s | test x: 5.821e+02 | test adj: 4.122e+01 | train x: 4.132e+02 | train adj: 3.343e+01 | 
181 | 0.07s | test x: 2.146e+03 | test adj: 8.771e+01 | train x: 5.039e+02 | train adj: 3.640e+01 | 
182 | 0.06s | test x: 3.145e+02 | test adj: 3.111e+01 | train x: 2.071e+02 | train adj: 2.644e+01 | 
183 | 0.07s | test x: 1.078e+02 | test adj: 1.260e+01 | train x: 4.899e+02 | train adj: 3.407e+01 | 
184 | 0.07s | test x: 3.073e+03 | test adj: 1.336e+02 | train x: 1.050e+02 | train adj: 1.896e+01 | 
185 | 0.07s | test x: 6.712e+01 | test adj: 1.162e+01 | train x: 2.919e+02 | train adj: 2.724e+01 | 
186 | 0.07s | test x: 1.594e+02 | test adj: 2.185e+01 | train x: 1.047e+02 | train adj: 2.034e+01 | 
187 | 0.06s | test x: 6.699e+01 | test adj: 1.295e+01 | train x: 1.871e+02 | train adj: 2.595e+01 | 
188 | 0.07s | test x: 1.393e+02 | test adj: 1.169e+01 | train x: 5.252e+02 | train adj: 3.551e+01 | 
189 | 0.07s | test x: 7.433e+01 | test adj: 1.489e+01 | train x: 8.946e+01 | train adj: 1.616e+01 | 
190 | 0.07s | test x: 7.769e+01 | test adj: 1.255e+01 | train x: 1.726e+02 | train adj: 2.439e+01 | 
191 | 0.07s | test x: 7.087e+01 | test adj: 1.650e+01 | train x: 2.092e+02 | train adj: 2.518e+01 | 
192 | 0.06s | test x: 4.302e+02 | test adj: 4.171e+01 | train x: 1.462e+02 | train adj: 2.214e+01 | 
193 | 0.07s | test x: 1.246e+02 | test adj: 1.636e+01 | train x: 2.587e+02 | train adj: 2.549e+01 | 
194 | 0.07s | test x: 9.381e+01 | test adj: 1.623e+01 | train x: 2.830e+02 | train adj: 2.536e+01 | 
195 | 0.07s | test x: 6.874e+01 | test adj: 1.457e+01 | train x: 2.892e+02 | train adj: 2.536e+01 | 
196 | 0.07s | test x: 1.333e+03 | test adj: 7.621e+01 | train x: 3.694e+02 | train adj: 3.074e+01 | 
197 | 0.06s | test x: 6.736e+01 | test adj: 1.417e+01 | train x: 4.871e+02 | train adj: 3.423e+01 | 
198 | 0.07s | test x: 7.372e+01 | test adj: 1.250e+01 | train x: 2.468e+02 | train adj: 2.679e+01 | 
199 | 0.07s | test x: 1.146e+02 | test adj: 1.835e+01 | train x: 3.024e+02 | train adj: 2.876e+01 | 
200 | 0.07s | test x: 6.976e+01 | test adj: 1.211e+01 | train x: 3.132e+02 | train adj: 2.759e+01 | 
