Nov27_1203_comp
----------------------------------------------------------------------------------------------------
[Wiki-vote]   init=ones (20)   seed=42   batch_size=32 spectral_dim=250
File1: wiki-vote_200bins_modiffT  File1: wiki-vote_200bins_modiffT
----------------------------------------------------------------------------------------------------
lr=0.002 schedule=True ema=0.999 epochs=200 reduce=False eps=1e-05
(ScoreNetworkX)+(ScoreNetworkA_eigen=GCN,4)   : depth=2 adim=32 nhid=32 layers=6 linears=2 c=(2 8 4)
(x:VP)=(0.10, 20.00) N=1000 (adj:VP)=(0.10, 20.00) N=1000
----------------------------------------------------------------------------------------------------
001 | 3.26s | test x: 3.603e+03 | test adj: 1.375e+02 | train x: 3.766e+03 | train adj: 1.400e+02 | 
002 | 0.06s | test x: 3.511e+03 | test adj: 1.394e+02 | train x: 3.527e+03 | train adj: 1.374e+02 | 
003 | 0.06s | test x: 3.157e+03 | test adj: 1.208e+02 | train x: 3.282e+03 | train adj: 1.399e+02 | 
004 | 0.06s | test x: 3.045e+03 | test adj: 1.241e+02 | train x: 3.185e+03 | train adj: 1.370e+02 | 
005 | 0.06s | test x: 2.665e+03 | test adj: 1.226e+02 | train x: 2.921e+03 | train adj: 1.321e+02 | 
006 | 0.06s | test x: 2.642e+03 | test adj: 1.273e+02 | train x: 2.801e+03 | train adj: 1.255e+02 | 
007 | 0.06s | test x: 2.617e+03 | test adj: 1.056e+02 | train x: 2.550e+03 | train adj: 1.283e+02 | 
008 | 0.06s | test x: 2.289e+03 | test adj: 1.318e+02 | train x: 2.301e+03 | train adj: 1.232e+02 | 
009 | 0.06s | test x: 1.838e+03 | test adj: 1.375e+02 | train x: 2.093e+03 | train adj: 1.221e+02 | 
010 | 0.06s | test x: 1.811e+03 | test adj: 1.203e+02 | train x: 2.240e+03 | train adj: 1.212e+02 | 
011 | 0.05s | test x: 1.609e+03 | test adj: 1.088e+02 | train x: 2.018e+03 | train adj: 1.218e+02 | 
012 | 0.06s | test x: 1.363e+03 | test adj: 1.245e+02 | train x: 1.551e+03 | train adj: 1.166e+02 | 
013 | 0.06s | test x: 1.228e+03 | test adj: 1.082e+02 | train x: 1.412e+03 | train adj: 1.145e+02 | 
014 | 0.06s | test x: 1.070e+03 | test adj: 1.001e+02 | train x: 1.297e+03 | train adj: 1.169e+02 | 
015 | 0.06s | test x: 1.054e+03 | test adj: 1.132e+02 | train x: 1.283e+03 | train adj: 1.149e+02 | 
016 | 0.05s | test x: 1.071e+03 | test adj: 1.117e+02 | train x: 9.803e+02 | train adj: 1.160e+02 | 
017 | 0.06s | test x: 7.126e+02 | test adj: 1.175e+02 | train x: 1.113e+03 | train adj: 1.110e+02 | 
018 | 0.06s | test x: 6.860e+02 | test adj: 9.643e+01 | train x: 1.069e+03 | train adj: 1.128e+02 | 
019 | 0.06s | test x: 5.976e+02 | test adj: 8.838e+01 | train x: 8.955e+02 | train adj: 1.072e+02 | 
020 | 0.06s | test x: 4.474e+02 | test adj: 9.886e+01 | train x: 5.494e+02 | train adj: 1.015e+02 | 
021 | 0.05s | test x: 5.129e+02 | test adj: 1.193e+02 | train x: 8.684e+02 | train adj: 1.055e+02 | 
022 | 0.06s | test x: 2.511e+03 | test adj: 1.162e+02 | train x: 4.589e+02 | train adj: 9.596e+01 | 
023 | 0.06s | test x: 3.271e+02 | test adj: 9.568e+01 | train x: 5.542e+02 | train adj: 1.028e+02 | 
024 | 0.06s | test x: 3.047e+02 | test adj: 9.780e+01 | train x: 4.541e+02 | train adj: 1.035e+02 | 
025 | 0.06s | test x: 3.135e+03 | test adj: 1.236e+02 | train x: 1.004e+03 | train adj: 1.043e+02 | 
026 | 0.05s | test x: 6.257e+02 | test adj: 1.115e+02 | train x: 7.009e+02 | train adj: 1.017e+02 | 
027 | 0.06s | test x: 2.174e+03 | test adj: 1.437e+02 | train x: 6.384e+02 | train adj: 9.704e+01 | 
028 | 0.05s | test x: 3.442e+02 | test adj: 8.056e+01 | train x: 6.686e+02 | train adj: 9.495e+01 | 
029 | 0.06s | test x: 3.498e+02 | test adj: 8.971e+01 | train x: 7.040e+02 | train adj: 9.248e+01 | 
030 | 0.06s | test x: 3.638e+02 | test adj: 8.629e+01 | train x: 9.065e+02 | train adj: 9.544e+01 | 
031 | 0.05s | test x: 3.643e+02 | test adj: 9.795e+01 | train x: 3.902e+02 | train adj: 8.816e+01 | 
032 | 0.05s | test x: 2.980e+02 | test adj: 8.013e+01 | train x: 4.650e+02 | train adj: 8.774e+01 | 
033 | 0.05s | test x: 2.456e+02 | test adj: 8.987e+01 | train x: 5.150e+02 | train adj: 8.631e+01 | 
034 | 0.05s | test x: 3.462e+02 | test adj: 9.850e+01 | train x: 6.127e+02 | train adj: 8.810e+01 | 
035 | 0.06s | test x: 2.198e+02 | test adj: 8.891e+01 | train x: 4.454e+02 | train adj: 8.559e+01 | 
036 | 0.05s | test x: 2.478e+02 | test adj: 7.811e+01 | train x: 4.454e+02 | train adj: 8.139e+01 | 
037 | 0.06s | test x: 2.389e+02 | test adj: 6.843e+01 | train x: 2.279e+02 | train adj: 8.093e+01 | 
038 | 0.05s | test x: 2.043e+02 | test adj: 6.651e+01 | train x: 3.540e+02 | train adj: 8.439e+01 | 
039 | 0.06s | test x: 1.953e+02 | test adj: 7.283e+01 | train x: 5.091e+02 | train adj: 8.046e+01 | 
040 | 0.06s | test x: 1.553e+02 | test adj: 7.188e+01 | train x: 3.052e+02 | train adj: 7.867e+01 | 
041 | 0.06s | test x: 5.287e+02 | test adj: 1.033e+02 | train x: 3.606e+02 | train adj: 7.905e+01 | 
042 | 0.06s | test x: 1.463e+02 | test adj: 7.232e+01 | train x: 5.858e+02 | train adj: 7.963e+01 | 
043 | 0.06s | test x: 1.363e+02 | test adj: 8.278e+01 | train x: 3.398e+02 | train adj: 7.421e+01 | 
044 | 0.06s | test x: 1.454e+02 | test adj: 7.875e+01 | train x: 6.563e+02 | train adj: 8.116e+01 | 
045 | 0.06s | test x: 1.490e+02 | test adj: 6.899e+01 | train x: 5.590e+02 | train adj: 7.406e+01 | 
046 | 0.06s | test x: 2.592e+02 | test adj: 7.483e+01 | train x: 7.291e+02 | train adj: 7.615e+01 | 
047 | 0.06s | test x: 1.273e+02 | test adj: 7.020e+01 | train x: 4.148e+02 | train adj: 7.175e+01 | 
048 | 0.06s | test x: 1.462e+02 | test adj: 5.885e+01 | train x: 2.890e+02 | train adj: 6.933e+01 | 
049 | 0.06s | test x: 2.974e+03 | test adj: 1.154e+02 | train x: 2.552e+02 | train adj: 7.079e+01 | 
050 | 0.06s | test x: 1.409e+02 | test adj: 6.597e+01 | train x: 8.361e+02 | train adj: 8.100e+01 | 
051 | 0.06s | test x: 1.336e+02 | test adj: 6.284e+01 | train x: 2.927e+02 | train adj: 6.477e+01 | 
052 | 0.06s | test x: 2.215e+02 | test adj: 7.511e+01 | train x: 3.901e+02 | train adj: 6.650e+01 | 
053 | 0.06s | test x: 1.491e+02 | test adj: 7.305e+01 | train x: 5.402e+02 | train adj: 7.086e+01 | 
054 | 0.06s | test x: 1.504e+02 | test adj: 7.280e+01 | train x: 2.890e+02 | train adj: 6.462e+01 | 
055 | 0.06s | test x: 1.353e+02 | test adj: 7.026e+01 | train x: 3.170e+02 | train adj: 6.132e+01 | 
056 | 0.06s | test x: 1.256e+02 | test adj: 6.028e+01 | train x: 4.183e+02 | train adj: 6.602e+01 | 
057 | 0.06s | test x: 1.825e+02 | test adj: 7.400e+01 | train x: 5.559e+02 | train adj: 6.620e+01 | 
058 | 0.06s | test x: 1.524e+02 | test adj: 6.038e+01 | train x: 3.690e+02 | train adj: 6.628e+01 | 
059 | 0.06s | test x: 6.434e+02 | test adj: 7.992e+01 | train x: 3.443e+02 | train adj: 6.128e+01 | 
060 | 0.06s | test x: 1.199e+02 | test adj: 5.644e+01 | train x: 4.153e+02 | train adj: 6.399e+01 | 
061 | 0.06s | test x: 1.706e+03 | test adj: 9.041e+01 | train x: 2.752e+02 | train adj: 5.460e+01 | 
062 | 0.06s | test x: 3.138e+03 | test adj: 1.152e+02 | train x: 4.414e+02 | train adj: 6.107e+01 | 
063 | 0.06s | test x: 2.424e+03 | test adj: 1.031e+02 | train x: 3.426e+02 | train adj: 5.523e+01 | 
064 | 0.06s | test x: 1.274e+02 | test adj: 4.985e+01 | train x: 3.271e+02 | train adj: 5.679e+01 | 
065 | 0.06s | test x: 1.090e+02 | test adj: 5.906e+01 | train x: 4.224e+02 | train adj: 5.623e+01 | 
066 | 0.06s | test x: 1.167e+02 | test adj: 5.345e+01 | train x: 5.285e+02 | train adj: 5.978e+01 | 
067 | 0.06s | test x: 1.348e+02 | test adj: 6.117e+01 | train x: 5.680e+02 | train adj: 6.073e+01 | 
068 | 0.06s | test x: 2.207e+03 | test adj: 1.110e+02 | train x: 3.330e+02 | train adj: 5.217e+01 | 
069 | 0.06s | test x: 1.104e+02 | test adj: 5.108e+01 | train x: 2.987e+02 | train adj: 5.563e+01 | 
070 | 0.06s | test x: 1.055e+02 | test adj: 4.786e+01 | train x: 3.928e+02 | train adj: 5.706e+01 | 
071 | 0.06s | test x: 3.066e+03 | test adj: 1.017e+02 | train x: 2.254e+02 | train adj: 4.788e+01 | 
072 | 0.06s | test x: 1.026e+02 | test adj: 4.239e+01 | train x: 3.848e+02 | train adj: 5.209e+01 | 
073 | 0.06s | test x: 9.646e+01 | test adj: 4.269e+01 | train x: 2.670e+02 | train adj: 4.973e+01 | 
074 | 0.06s | test x: 9.973e+01 | test adj: 4.082e+01 | train x: 4.514e+02 | train adj: 5.440e+01 | 
075 | 0.06s | test x: 3.016e+03 | test adj: 1.141e+02 | train x: 1.254e+02 | train adj: 4.388e+01 | 
076 | 0.06s | test x: 1.176e+02 | test adj: 3.634e+01 | train x: 6.143e+02 | train adj: 5.810e+01 | 
077 | 0.06s | test x: 1.154e+02 | test adj: 5.838e+01 | train x: 6.891e+02 | train adj: 5.823e+01 | 
078 | 0.06s | test x: 9.853e+01 | test adj: 4.044e+01 | train x: 4.464e+02 | train adj: 5.396e+01 | 
079 | 0.06s | test x: 3.618e+03 | test adj: 1.193e+02 | train x: 3.900e+02 | train adj: 4.928e+01 | 
080 | 0.06s | test x: 1.201e+02 | test adj: 4.014e+01 | train x: 2.190e+02 | train adj: 4.431e+01 | 
081 | 0.06s | test x: 1.244e+03 | test adj: 7.434e+01 | train x: 4.369e+02 | train adj: 4.856e+01 | 
082 | 0.06s | test x: 1.068e+02 | test adj: 3.431e+01 | train x: 2.836e+02 | train adj: 4.603e+01 | 
083 | 0.06s | test x: 1.323e+02 | test adj: 4.842e+01 | train x: 3.473e+02 | train adj: 4.672e+01 | 
084 | 0.06s | test x: 1.375e+02 | test adj: 3.798e+01 | train x: 6.372e+02 | train adj: 5.151e+01 | 
085 | 0.06s | test x: 1.011e+02 | test adj: 3.547e+01 | train x: 4.679e+02 | train adj: 4.711e+01 | 
086 | 0.06s | test x: 1.099e+02 | test adj: 3.287e+01 | train x: 3.827e+02 | train adj: 4.509e+01 | 
087 | 0.06s | test x: 1.435e+02 | test adj: 4.715e+01 | train x: 2.860e+02 | train adj: 4.291e+01 | 
088 | 0.06s | test x: 5.847e+02 | test adj: 5.190e+01 | train x: 5.593e+02 | train adj: 5.258e+01 | 
089 | 0.06s | test x: 2.005e+02 | test adj: 3.739e+01 | train x: 5.588e+02 | train adj: 5.266e+01 | 
090 | 0.06s | test x: 1.023e+02 | test adj: 3.328e+01 | train x: 9.712e+02 | train adj: 6.467e+01 | 
091 | 0.06s | test x: 3.770e+03 | test adj: 1.367e+02 | train x: 3.423e+02 | train adj: 4.004e+01 | 
092 | 0.06s | test x: 1.037e+02 | test adj: 3.738e+01 | train x: 2.769e+02 | train adj: 3.751e+01 | 
093 | 0.06s | test x: 1.130e+02 | test adj: 3.539e+01 | train x: 2.375e+02 | train adj: 3.863e+01 | 
094 | 0.06s | test x: 8.938e+01 | test adj: 3.336e+01 | train x: 3.841e+02 | train adj: 3.990e+01 | 
095 | 0.06s | test x: 1.242e+02 | test adj: 3.642e+01 | train x: 2.936e+02 | train adj: 4.055e+01 | 
096 | 0.06s | test x: 1.189e+02 | test adj: 2.584e+01 | train x: 2.677e+02 | train adj: 3.912e+01 | 
097 | 0.06s | test x: 2.082e+02 | test adj: 4.587e+01 | train x: 1.982e+02 | train adj: 3.537e+01 | 
098 | 0.06s | test x: 1.037e+02 | test adj: 3.512e+01 | train x: 4.790e+02 | train adj: 4.450e+01 | 
099 | 0.06s | test x: 1.118e+02 | test adj: 3.201e+01 | train x: 1.777e+02 | train adj: 3.442e+01 | 
100 | 0.06s | test x: 1.285e+02 | test adj: 3.255e+01 | train x: 5.266e+02 | train adj: 4.415e+01 | 
101 | 0.06s | test x: 1.180e+02 | test adj: 2.806e+01 | train x: 6.859e+02 | train adj: 5.032e+01 | 
102 | 0.06s | test x: 8.643e+01 | test adj: 3.416e+01 | train x: 7.624e+02 | train adj: 5.254e+01 | 
103 | 0.06s | test x: 8.390e+01 | test adj: 3.535e+01 | train x: 2.594e+02 | train adj: 3.437e+01 | 
104 | 0.06s | test x: 9.594e+01 | test adj: 2.750e+01 | train x: 7.602e+02 | train adj: 4.975e+01 | 
105 | 0.06s | test x: 9.977e+01 | test adj: 2.869e+01 | train x: 1.464e+02 | train adj: 2.961e+01 | 
106 | 0.06s | test x: 8.454e+01 | test adj: 2.725e+01 | train x: 1.921e+02 | train adj: 3.098e+01 | 
107 | 0.06s | test x: 9.552e+01 | test adj: 3.236e+01 | train x: 3.085e+02 | train adj: 3.551e+01 | 
108 | 0.06s | test x: 1.083e+02 | test adj: 3.285e+01 | train x: 4.074e+02 | train adj: 3.836e+01 | 
109 | 0.06s | test x: 2.582e+03 | test adj: 1.028e+02 | train x: 2.407e+02 | train adj: 3.238e+01 | 
110 | 0.06s | test x: 9.119e+01 | test adj: 2.824e+01 | train x: 4.908e+02 | train adj: 4.006e+01 | 
111 | 0.06s | test x: 3.427e+03 | test adj: 1.244e+02 | train x: 4.570e+02 | train adj: 3.918e+01 | 
112 | 0.06s | test x: 8.863e+01 | test adj: 2.891e+01 | train x: 6.516e+02 | train adj: 4.720e+01 | 
113 | 0.06s | test x: 5.230e+02 | test adj: 4.487e+01 | train x: 7.011e+02 | train adj: 4.390e+01 | 
114 | 0.06s | test x: 1.030e+02 | test adj: 2.904e+01 | train x: 1.608e+02 | train adj: 2.554e+01 | 
115 | 0.06s | test x: 4.381e+02 | test adj: 4.609e+01 | train x: 3.212e+02 | train adj: 3.457e+01 | 
116 | 0.06s | test x: 1.921e+03 | test adj: 9.691e+01 | train x: 3.308e+02 | train adj: 3.699e+01 | 
117 | 0.06s | test x: 8.746e+01 | test adj: 1.855e+01 | train x: 4.708e+02 | train adj: 3.691e+01 | 
118 | 0.06s | test x: 1.150e+02 | test adj: 2.492e+01 | train x: 4.499e+02 | train adj: 3.546e+01 | 
119 | 0.06s | test x: 1.249e+02 | test adj: 2.329e+01 | train x: 2.795e+02 | train adj: 2.939e+01 | 
120 | 0.06s | test x: 1.329e+02 | test adj: 2.085e+01 | train x: 2.674e+02 | train adj: 3.103e+01 | 
121 | 0.06s | test x: 9.501e+01 | test adj: 2.739e+01 | train x: 2.041e+02 | train adj: 2.673e+01 | 
122 | 0.06s | test x: 9.712e+01 | test adj: 1.965e+01 | train x: 9.673e+02 | train adj: 4.826e+01 | 
123 | 0.06s | test x: 1.243e+02 | test adj: 2.123e+01 | train x: 4.106e+02 | train adj: 3.183e+01 | 
124 | 0.06s | test x: 1.394e+03 | test adj: 6.816e+01 | train x: 4.292e+02 | train adj: 3.504e+01 | 
125 | 0.06s | test x: 1.506e+02 | test adj: 2.946e+01 | train x: 1.712e+02 | train adj: 2.407e+01 | 
126 | 0.06s | test x: 9.985e+01 | test adj: 2.163e+01 | train x: 6.484e+02 | train adj: 3.760e+01 | 
127 | 0.06s | test x: 1.067e+02 | test adj: 2.129e+01 | train x: 5.392e+02 | train adj: 3.693e+01 | 
128 | 0.06s | test x: 9.151e+01 | test adj: 2.080e+01 | train x: 3.197e+02 | train adj: 2.901e+01 | 
129 | 0.06s | test x: 4.506e+02 | test adj: 5.185e+01 | train x: 3.714e+02 | train adj: 3.242e+01 | 
130 | 0.06s | test x: 9.630e+01 | test adj: 2.643e+01 | train x: 1.782e+02 | train adj: 2.198e+01 | 
131 | 0.06s | test x: 1.034e+02 | test adj: 2.104e+01 | train x: 4.247e+02 | train adj: 3.295e+01 | 
132 | 0.06s | test x: 3.357e+03 | test adj: 1.119e+02 | train x: 3.776e+02 | train adj: 3.103e+01 | 
133 | 0.06s | test x: 1.341e+02 | test adj: 1.684e+01 | train x: 5.000e+02 | train adj: 3.333e+01 | 
134 | 0.06s | test x: 8.862e+01 | test adj: 1.662e+01 | train x: 4.878e+02 | train adj: 3.374e+01 | 
135 | 0.06s | test x: 2.875e+03 | test adj: 1.004e+02 | train x: 3.888e+02 | train adj: 3.114e+01 | 
136 | 0.06s | test x: 1.318e+03 | test adj: 7.551e+01 | train x: 5.758e+02 | train adj: 3.928e+01 | 
137 | 0.06s | test x: 2.084e+03 | test adj: 8.247e+01 | train x: 1.417e+02 | train adj: 2.221e+01 | 
138 | 0.06s | test x: 3.812e+02 | test adj: 4.068e+01 | train x: 4.250e+02 | train adj: 3.303e+01 | 
139 | 0.06s | test x: 8.231e+01 | test adj: 1.952e+01 | train x: 3.903e+02 | train adj: 2.515e+01 | 
140 | 0.06s | test x: 1.165e+02 | test adj: 2.193e+01 | train x: 2.214e+02 | train adj: 2.370e+01 | 
141 | 0.06s | test x: 8.919e+01 | test adj: 1.680e+01 | train x: 2.188e+02 | train adj: 2.391e+01 | 
142 | 0.06s | test x: 1.194e+02 | test adj: 1.796e+01 | train x: 2.045e+02 | train adj: 2.492e+01 | 
143 | 0.06s | test x: 1.145e+02 | test adj: 2.138e+01 | train x: 2.883e+02 | train adj: 2.617e+01 | 
144 | 0.06s | test x: 9.261e+01 | test adj: 1.518e+01 | train x: 5.880e+02 | train adj: 3.799e+01 | 
145 | 0.06s | test x: 8.440e+01 | test adj: 1.254e+01 | train x: 3.648e+02 | train adj: 2.688e+01 | 
146 | 0.06s | test x: 8.742e+01 | test adj: 1.649e+01 | train x: 5.156e+02 | train adj: 3.225e+01 | 
147 | 0.06s | test x: 1.165e+02 | test adj: 2.327e+01 | train x: 1.850e+02 | train adj: 2.144e+01 | 
148 | 0.06s | test x: 1.207e+02 | test adj: 1.359e+01 | train x: 3.698e+02 | train adj: 2.886e+01 | 
149 | 0.06s | test x: 1.040e+02 | test adj: 1.864e+01 | train x: 2.216e+02 | train adj: 2.121e+01 | 
150 | 0.06s | test x: 6.948e+02 | test adj: 4.045e+01 | train x: 1.796e+02 | train adj: 1.915e+01 | 
151 | 0.06s | test x: 3.168e+03 | test adj: 1.023e+02 | train x: 1.366e+02 | train adj: 1.910e+01 | 
152 | 0.06s | test x: 3.413e+03 | test adj: 1.009e+02 | train x: 3.299e+02 | train adj: 2.699e+01 | 
153 | 0.06s | test x: 1.200e+02 | test adj: 1.332e+01 | train x: 8.761e+01 | train adj: 1.504e+01 | 
154 | 0.06s | test x: 1.034e+02 | test adj: 1.240e+01 | train x: 4.509e+02 | train adj: 2.690e+01 | 
155 | 0.06s | test x: 4.101e+02 | test adj: 3.522e+01 | train x: 6.343e+02 | train adj: 3.427e+01 | 
156 | 0.06s | test x: 1.125e+02 | test adj: 1.888e+01 | train x: 2.880e+02 | train adj: 2.298e+01 | 
157 | 0.06s | test x: 1.046e+02 | test adj: 1.619e+01 | train x: 5.086e+02 | train adj: 2.810e+01 | 
158 | 0.06s | test x: 1.119e+02 | test adj: 9.678e+00 | train x: 5.026e+02 | train adj: 2.972e+01 | 
159 | 0.06s | test x: 7.595e+02 | test adj: 4.813e+01 | train x: 4.436e+02 | train adj: 2.959e+01 | 
160 | 0.06s | test x: 3.535e+02 | test adj: 2.935e+01 | train x: 3.396e+02 | train adj: 2.379e+01 | 
161 | 0.06s | test x: 1.615e+02 | test adj: 2.288e+01 | train x: 4.832e+02 | train adj: 2.960e+01 | 
162 | 0.06s | test x: 9.683e+01 | test adj: 1.095e+01 | train x: 3.978e+02 | train adj: 2.493e+01 | 
163 | 0.06s | test x: 1.049e+02 | test adj: 1.223e+01 | train x: 3.023e+02 | train adj: 2.520e+01 | 
164 | 0.06s | test x: 9.614e+01 | test adj: 1.046e+01 | train x: 1.395e+02 | train adj: 1.493e+01 | 
165 | 0.06s | test x: 1.743e+03 | test adj: 8.331e+01 | train x: 2.363e+02 | train adj: 1.945e+01 | 
166 | 0.06s | test x: 1.047e+03 | test adj: 5.505e+01 | train x: 6.256e+02 | train adj: 3.614e+01 | 
167 | 0.06s | test x: 8.815e+01 | test adj: 1.183e+01 | train x: 1.090e+02 | train adj: 1.520e+01 | 
168 | 0.06s | test x: 1.208e+02 | test adj: 1.286e+01 | train x: 3.237e+02 | train adj: 2.171e+01 | 
169 | 0.06s | test x: 1.002e+02 | test adj: 1.227e+01 | train x: 1.429e+02 | train adj: 1.630e+01 | 
170 | 0.06s | test x: 2.902e+02 | test adj: 2.435e+01 | train x: 5.155e+02 | train adj: 2.854e+01 | 
171 | 0.06s | test x: 1.130e+02 | test adj: 1.237e+01 | train x: 4.417e+02 | train adj: 2.649e+01 | 
172 | 0.06s | test x: 9.647e+01 | test adj: 1.519e+01 | train x: 1.003e+02 | train adj: 1.235e+01 | 
173 | 0.06s | test x: 1.086e+02 | test adj: 1.283e+01 | train x: 2.555e+02 | train adj: 2.065e+01 | 
174 | 0.06s | test x: 1.017e+03 | test adj: 5.946e+01 | train x: 3.171e+02 | train adj: 2.048e+01 | 
175 | 0.06s | test x: 9.568e+01 | test adj: 1.150e+01 | train x: 4.758e+02 | train adj: 2.693e+01 | 
176 | 0.06s | test x: 8.670e+01 | test adj: 1.280e+01 | train x: 4.362e+02 | train adj: 2.405e+01 | 
177 | 0.06s | test x: 7.674e+01 | test adj: 1.170e+01 | train x: 2.907e+02 | train adj: 1.739e+01 | 
178 | 0.06s | test x: 9.312e+01 | test adj: 1.002e+01 | train x: 2.520e+02 | train adj: 2.077e+01 | 
179 | 0.06s | test x: 1.070e+02 | test adj: 1.283e+01 | train x: 1.633e+02 | train adj: 1.573e+01 | 
180 | 0.06s | test x: 6.038e+02 | test adj: 3.370e+01 | train x: 4.039e+02 | train adj: 2.776e+01 | 
181 | 0.06s | test x: 2.165e+03 | test adj: 7.818e+01 | train x: 5.244e+02 | train adj: 2.924e+01 | 
182 | 0.06s | test x: 3.331e+02 | test adj: 2.398e+01 | train x: 2.094e+02 | train adj: 1.760e+01 | 
183 | 0.06s | test x: 1.049e+02 | test adj: 9.136e+00 | train x: 5.922e+02 | train adj: 2.902e+01 | 
184 | 0.06s | test x: 3.088e+03 | test adj: 1.085e+02 | train x: 1.041e+02 | train adj: 1.291e+01 | 
185 | 0.06s | test x: 6.966e+01 | test adj: 9.852e+00 | train x: 3.010e+02 | train adj: 2.016e+01 | 
186 | 0.06s | test x: 1.712e+02 | test adj: 1.646e+01 | train x: 1.216e+02 | train adj: 1.416e+01 | 
187 | 0.06s | test x: 7.233e+01 | test adj: 1.025e+01 | train x: 1.992e+02 | train adj: 1.985e+01 | 
188 | 0.06s | test x: 1.317e+02 | test adj: 9.585e+00 | train x: 5.125e+02 | train adj: 2.693e+01 | 
189 | 0.06s | test x: 7.789e+01 | test adj: 9.232e+00 | train x: 1.065e+02 | train adj: 1.020e+01 | 
190 | 0.06s | test x: 7.994e+01 | test adj: 9.054e+00 | train x: 1.809e+02 | train adj: 1.697e+01 | 
191 | 0.06s | test x: 7.721e+01 | test adj: 1.064e+01 | train x: 2.397e+02 | train adj: 1.836e+01 | 
192 | 0.06s | test x: 4.504e+02 | test adj: 3.623e+01 | train x: 1.764e+02 | train adj: 1.547e+01 | 
193 | 0.06s | test x: 1.278e+02 | test adj: 1.327e+01 | train x: 2.521e+02 | train adj: 1.703e+01 | 
194 | 0.06s | test x: 9.414e+01 | test adj: 9.954e+00 | train x: 2.661e+02 | train adj: 1.842e+01 | 
195 | 0.06s | test x: 7.323e+01 | test adj: 9.420e+00 | train x: 3.247e+02 | train adj: 1.880e+01 | 
196 | 0.06s | test x: 1.358e+03 | test adj: 6.460e+01 | train x: 3.815e+02 | train adj: 2.222e+01 | 
197 | 0.06s | test x: 7.575e+01 | test adj: 9.921e+00 | train x: 5.301e+02 | train adj: 2.741e+01 | 
198 | 0.06s | test x: 7.305e+01 | test adj: 1.009e+01 | train x: 2.983e+02 | train adj: 1.971e+01 | 
199 | 0.06s | test x: 1.122e+02 | test adj: 1.437e+01 | train x: 2.966e+02 | train adj: 2.090e+01 | 
200 | 0.06s | test x: 7.585e+01 | test adj: 9.798e+00 | train x: 3.295e+02 | train adj: 1.901e+01 | 
