Nov26_2053_comp
----------------------------------------------------------------------------------------------------
[Wiki-vote]   init=ones (20)   seed=42   batch_size=64 spectral_dim=100
File1: wiki-vote_1000bins_modiffT  File1: wiki-vote_1000bins_modiffT
----------------------------------------------------------------------------------------------------
lr=0.002 schedule=True ema=0.999 epochs=200 reduce=False eps=1e-05
(ScoreNetworkX)+(ScoreNetworkA_eigen=GCN,4)   : depth=2 adim=32 nhid=32 layers=6 linears=2 c=(2 8 4)
(x:VP)=(0.10, 20.00) N=1000 (adj:VP)=(0.10, 20.00) N=1000
----------------------------------------------------------------------------------------------------
001 | 1.81s | test x: 1.215e+03 | test adj: 5.398e+01 | train x: 1.282e+03 | train adj: 5.287e+01 | 
002 | 0.10s | test x: 1.118e+03 | test adj: 4.805e+01 | train x: 1.133e+03 | train adj: 5.077e+01 | 
003 | 0.10s | test x: 9.624e+02 | test adj: 4.945e+01 | train x: 9.854e+02 | train adj: 4.942e+01 | 
004 | 0.10s | test x: 8.984e+02 | test adj: 4.603e+01 | train x: 8.499e+02 | train adj: 4.639e+01 | 
005 | 0.10s | test x: 6.533e+02 | test adj: 4.624e+01 | train x: 6.863e+02 | train adj: 4.449e+01 | 
006 | 0.10s | test x: 5.311e+02 | test adj: 3.804e+01 | train x: 5.698e+02 | train adj: 4.271e+01 | 
007 | 0.10s | test x: 5.283e+02 | test adj: 4.122e+01 | train x: 5.144e+02 | train adj: 4.206e+01 | 
008 | 0.10s | test x: 4.887e+02 | test adj: 4.055e+01 | train x: 4.198e+02 | train adj: 4.000e+01 | 
009 | 0.10s | test x: 3.181e+02 | test adj: 4.088e+01 | train x: 2.959e+02 | train adj: 3.792e+01 | 
010 | 0.09s | test x: 2.850e+02 | test adj: 3.819e+01 | train x: 2.991e+02 | train adj: 3.712e+01 | 
011 | 0.09s | test x: 2.559e+02 | test adj: 3.829e+01 | train x: 1.925e+02 | train adj: 3.514e+01 | 
012 | 0.09s | test x: 3.602e+02 | test adj: 3.148e+01 | train x: 2.050e+02 | train adj: 3.389e+01 | 
013 | 0.09s | test x: 9.895e+01 | test adj: 2.930e+01 | train x: 1.901e+02 | train adj: 3.179e+01 | 
014 | 0.09s | test x: 2.547e+02 | test adj: 3.657e+01 | train x: 1.989e+02 | train adj: 3.215e+01 | 
015 | 0.10s | test x: 1.845e+02 | test adj: 3.187e+01 | train x: 2.368e+02 | train adj: 3.049e+01 | 
016 | 0.10s | test x: 1.800e+02 | test adj: 2.661e+01 | train x: 1.446e+02 | train adj: 2.815e+01 | 
017 | 0.10s | test x: 2.966e+02 | test adj: 3.288e+01 | train x: 2.066e+02 | train adj: 2.824e+01 | 
018 | 0.10s | test x: 2.433e+02 | test adj: 3.279e+01 | train x: 2.025e+02 | train adj: 2.898e+01 | 
019 | 0.10s | test x: 4.113e+02 | test adj: 3.094e+01 | train x: 1.600e+02 | train adj: 2.577e+01 | 
020 | 0.10s | test x: 1.339e+02 | test adj: 2.641e+01 | train x: 1.995e+02 | train adj: 2.515e+01 | 
021 | 0.10s | test x: 1.642e+02 | test adj: 2.526e+01 | train x: 1.327e+02 | train adj: 2.361e+01 | 
022 | 0.10s | test x: 9.911e+01 | test adj: 2.327e+01 | train x: 1.244e+02 | train adj: 2.156e+01 | 
023 | 0.10s | test x: 1.368e+02 | test adj: 2.090e+01 | train x: 1.241e+02 | train adj: 2.062e+01 | 
024 | 0.10s | test x: 4.530e+01 | test adj: 1.808e+01 | train x: 1.347e+02 | train adj: 2.022e+01 | 
025 | 0.09s | test x: 1.315e+02 | test adj: 2.179e+01 | train x: 9.156e+01 | train adj: 1.795e+01 | 
026 | 0.10s | test x: 1.471e+02 | test adj: 2.078e+01 | train x: 1.364e+02 | train adj: 1.842e+01 | 
027 | 0.10s | test x: 1.098e+02 | test adj: 2.225e+01 | train x: 1.551e+02 | train adj: 1.966e+01 | 
028 | 0.09s | test x: 9.400e+01 | test adj: 1.660e+01 | train x: 2.234e+02 | train adj: 2.126e+01 | 
029 | 0.09s | test x: 1.204e+02 | test adj: 1.852e+01 | train x: 1.379e+02 | train adj: 1.722e+01 | 
030 | 0.09s | test x: 1.048e+02 | test adj: 1.651e+01 | train x: 1.332e+02 | train adj: 1.664e+01 | 
031 | 0.09s | test x: 1.422e+02 | test adj: 1.806e+01 | train x: 1.494e+02 | train adj: 1.504e+01 | 
032 | 0.09s | test x: 4.611e+01 | test adj: 9.613e+00 | train x: 1.353e+02 | train adj: 1.639e+01 | 
033 | 0.09s | test x: 4.813e+02 | test adj: 2.507e+01 | train x: 1.757e+02 | train adj: 1.636e+01 | 
034 | 0.09s | test x: 7.812e+01 | test adj: 1.293e+01 | train x: 1.136e+02 | train adj: 1.376e+01 | 
035 | 0.10s | test x: 1.941e+02 | test adj: 1.736e+01 | train x: 1.612e+02 | train adj: 1.499e+01 | 
036 | 0.10s | test x: 1.670e+02 | test adj: 1.579e+01 | train x: 1.434e+02 | train adj: 1.394e+01 | 
037 | 0.10s | test x: 7.888e+01 | test adj: 1.153e+01 | train x: 1.632e+02 | train adj: 1.442e+01 | 
038 | 0.10s | test x: 7.951e+01 | test adj: 1.224e+01 | train x: 1.922e+02 | train adj: 1.451e+01 | 
039 | 0.10s | test x: 1.771e+02 | test adj: 1.381e+01 | train x: 1.048e+02 | train adj: 1.145e+01 | 
040 | 0.10s | test x: 3.769e+01 | test adj: 8.811e+00 | train x: 1.148e+02 | train adj: 1.127e+01 | 
041 | 0.10s | test x: 2.145e+02 | test adj: 1.365e+01 | train x: 1.172e+02 | train adj: 9.940e+00 | 
042 | 0.10s | test x: 2.553e+02 | test adj: 1.584e+01 | train x: 1.303e+02 | train adj: 1.095e+01 | 
043 | 0.10s | test x: 1.912e+02 | test adj: 1.281e+01 | train x: 1.249e+02 | train adj: 1.093e+01 | 
044 | 0.10s | test x: 1.206e+02 | test adj: 1.204e+01 | train x: 1.608e+02 | train adj: 1.134e+01 | 
045 | 0.10s | test x: 3.939e+01 | test adj: 6.207e+00 | train x: 1.710e+02 | train adj: 1.137e+01 | 
046 | 0.10s | test x: 2.113e+02 | test adj: 1.222e+01 | train x: 1.258e+02 | train adj: 9.927e+00 | 
047 | 0.10s | test x: 4.655e+01 | test adj: 7.135e+00 | train x: 1.762e+02 | train adj: 1.115e+01 | 
048 | 0.10s | test x: 1.039e+02 | test adj: 9.247e+00 | train x: 1.531e+02 | train adj: 9.955e+00 | 
049 | 0.09s | test x: 2.020e+02 | test adj: 1.213e+01 | train x: 1.638e+02 | train adj: 1.173e+01 | 
050 | 0.09s | test x: 3.047e+02 | test adj: 1.573e+01 | train x: 7.670e+01 | train adj: 7.280e+00 | 
051 | 0.09s | test x: 1.491e+02 | test adj: 1.263e+01 | train x: 1.473e+02 | train adj: 1.038e+01 | 
052 | 0.09s | test x: 4.300e+01 | test adj: 5.048e+00 | train x: 1.713e+02 | train adj: 1.078e+01 | 
053 | 0.09s | test x: 5.489e+01 | test adj: 6.671e+00 | train x: 1.255e+02 | train adj: 9.547e+00 | 
054 | 0.09s | test x: 9.575e+01 | test adj: 6.455e+00 | train x: 1.636e+02 | train adj: 9.751e+00 | 
055 | 0.09s | test x: 4.034e+01 | test adj: 4.542e+00 | train x: 1.309e+02 | train adj: 9.314e+00 | 
056 | 0.10s | test x: 3.466e+02 | test adj: 1.897e+01 | train x: 1.583e+02 | train adj: 1.018e+01 | 
057 | 0.10s | test x: 2.063e+02 | test adj: 1.011e+01 | train x: 1.369e+02 | train adj: 9.964e+00 | 
058 | 0.10s | test x: 1.646e+02 | test adj: 9.796e+00 | train x: 1.247e+02 | train adj: 8.336e+00 | 
059 | 0.10s | test x: 1.784e+02 | test adj: 9.094e+00 | train x: 1.531e+02 | train adj: 1.021e+01 | 
060 | 0.10s | test x: 9.030e+01 | test adj: 5.660e+00 | train x: 2.526e+02 | train adj: 1.418e+01 | 
061 | 0.10s | test x: 6.289e+01 | test adj: 5.397e+00 | train x: 1.762e+02 | train adj: 1.029e+01 | 
062 | 0.10s | test x: 3.746e+01 | test adj: 2.878e+00 | train x: 1.168e+02 | train adj: 8.217e+00 | 
063 | 0.10s | test x: 1.196e+02 | test adj: 9.002e+00 | train x: 9.198e+01 | train adj: 6.669e+00 | 
064 | 0.09s | test x: 1.684e+02 | test adj: 8.891e+00 | train x: 8.924e+01 | train adj: 6.617e+00 | 
065 | 0.09s | test x: 2.876e+02 | test adj: 1.516e+01 | train x: 1.022e+02 | train adj: 7.318e+00 | 
066 | 0.09s | test x: 5.002e+01 | test adj: 5.055e+00 | train x: 6.731e+01 | train adj: 6.694e+00 | 
067 | 0.09s | test x: 3.046e+02 | test adj: 1.602e+01 | train x: 7.340e+01 | train adj: 5.958e+00 | 
068 | 0.09s | test x: 9.883e+01 | test adj: 8.003e+00 | train x: 1.816e+02 | train adj: 1.106e+01 | 
069 | 0.09s | test x: 1.720e+02 | test adj: 8.577e+00 | train x: 1.152e+02 | train adj: 8.466e+00 | 
070 | 0.10s | test x: 2.957e+02 | test adj: 1.444e+01 | train x: 9.382e+01 | train adj: 6.760e+00 | 
071 | 0.10s | test x: 1.245e+02 | test adj: 6.989e+00 | train x: 1.088e+02 | train adj: 7.692e+00 | 
072 | 0.10s | test x: 1.241e+02 | test adj: 1.124e+01 | train x: 1.586e+02 | train adj: 9.512e+00 | 
073 | 0.09s | test x: 1.435e+02 | test adj: 8.082e+00 | train x: 1.335e+02 | train adj: 7.852e+00 | 
074 | 0.09s | test x: 1.468e+02 | test adj: 8.399e+00 | train x: 1.494e+02 | train adj: 9.306e+00 | 
075 | 0.10s | test x: 2.449e+02 | test adj: 1.009e+01 | train x: 9.665e+01 | train adj: 7.197e+00 | 
076 | 0.10s | test x: 6.812e+01 | test adj: 5.296e+00 | train x: 9.397e+01 | train adj: 7.069e+00 | 
077 | 0.10s | test x: 9.479e+01 | test adj: 5.920e+00 | train x: 1.409e+02 | train adj: 8.913e+00 | 
078 | 0.10s | test x: 4.407e+01 | test adj: 4.108e+00 | train x: 1.109e+02 | train adj: 7.699e+00 | 
079 | 0.09s | test x: 3.324e+01 | test adj: 3.144e+00 | train x: 1.140e+02 | train adj: 7.484e+00 | 
080 | 0.10s | test x: 8.116e+01 | test adj: 4.661e+00 | train x: 1.020e+02 | train adj: 7.283e+00 | 
081 | 0.10s | test x: 2.871e+02 | test adj: 1.578e+01 | train x: 7.460e+01 | train adj: 5.814e+00 | 
082 | 0.10s | test x: 1.240e+02 | test adj: 7.866e+00 | train x: 1.320e+02 | train adj: 8.303e+00 | 
083 | 0.10s | test x: 4.185e+01 | test adj: 3.362e+00 | train x: 1.110e+02 | train adj: 7.758e+00 | 
084 | 0.09s | test x: 1.012e+02 | test adj: 5.743e+00 | train x: 1.461e+02 | train adj: 9.661e+00 | 
085 | 0.09s | test x: 1.036e+02 | test adj: 6.661e+00 | train x: 1.235e+02 | train adj: 7.290e+00 | 
086 | 0.09s | test x: 3.752e+02 | test adj: 1.874e+01 | train x: 9.836e+01 | train adj: 7.034e+00 | 
087 | 0.09s | test x: 4.204e+01 | test adj: 4.061e+00 | train x: 1.344e+02 | train adj: 8.765e+00 | 
088 | 0.10s | test x: 1.219e+02 | test adj: 7.322e+00 | train x: 8.712e+01 | train adj: 7.327e+00 | 
089 | 0.10s | test x: 2.476e+02 | test adj: 1.299e+01 | train x: 1.061e+02 | train adj: 7.454e+00 | 
090 | 0.10s | test x: 3.283e+02 | test adj: 1.532e+01 | train x: 1.269e+02 | train adj: 7.887e+00 | 
091 | 0.10s | test x: 3.565e+01 | test adj: 2.986e+00 | train x: 1.010e+02 | train adj: 7.654e+00 | 
092 | 0.09s | test x: 1.075e+02 | test adj: 7.803e+00 | train x: 1.396e+02 | train adj: 8.991e+00 | 
093 | 0.10s | test x: 3.831e+01 | test adj: 3.588e+00 | train x: 1.555e+02 | train adj: 9.391e+00 | 
094 | 0.10s | test x: 3.471e+01 | test adj: 3.027e+00 | train x: 9.006e+01 | train adj: 7.244e+00 | 
095 | 0.10s | test x: 7.178e+01 | test adj: 5.758e+00 | train x: 8.363e+01 | train adj: 6.442e+00 | 
096 | 0.10s | test x: 1.691e+02 | test adj: 9.159e+00 | train x: 1.604e+02 | train adj: 9.664e+00 | 
097 | 0.10s | test x: 2.809e+02 | test adj: 1.051e+01 | train x: 1.420e+02 | train adj: 9.659e+00 | 
098 | 0.10s | test x: 1.184e+02 | test adj: 6.519e+00 | train x: 1.089e+02 | train adj: 7.761e+00 | 
099 | 0.10s | test x: 6.914e+01 | test adj: 4.188e+00 | train x: 1.176e+02 | train adj: 7.598e+00 | 
100 | 0.10s | test x: 1.619e+02 | test adj: 1.016e+01 | train x: 9.822e+01 | train adj: 7.002e+00 | 
101 | 0.10s | test x: 1.847e+02 | test adj: 9.230e+00 | train x: 1.773e+02 | train adj: 9.925e+00 | 
102 | 0.10s | test x: 1.210e+02 | test adj: 8.600e+00 | train x: 1.245e+02 | train adj: 7.780e+00 | 
103 | 0.10s | test x: 9.619e+01 | test adj: 6.321e+00 | train x: 1.262e+02 | train adj: 8.620e+00 | 
104 | 0.10s | test x: 1.086e+02 | test adj: 9.384e+00 | train x: 9.590e+01 | train adj: 6.764e+00 | 
105 | 0.10s | test x: 2.054e+02 | test adj: 1.117e+01 | train x: 9.422e+01 | train adj: 7.754e+00 | 
106 | 0.10s | test x: 6.019e+01 | test adj: 6.588e+00 | train x: 1.018e+02 | train adj: 8.691e+00 | 
107 | 0.10s | test x: 5.320e+01 | test adj: 4.314e+00 | train x: 1.465e+02 | train adj: 1.024e+01 | 
108 | 0.10s | test x: 1.248e+02 | test adj: 7.686e+00 | train x: 1.493e+02 | train adj: 9.572e+00 | 
109 | 0.10s | test x: 6.285e+01 | test adj: 4.753e+00 | train x: 1.201e+02 | train adj: 8.774e+00 | 
110 | 0.10s | test x: 1.617e+02 | test adj: 9.863e+00 | train x: 1.313e+02 | train adj: 8.792e+00 | 
111 | 0.10s | test x: 3.056e+01 | test adj: 3.565e+00 | train x: 1.567e+02 | train adj: 1.066e+01 | 
112 | 0.10s | test x: 1.468e+02 | test adj: 6.718e+00 | train x: 9.377e+01 | train adj: 7.378e+00 | 
113 | 0.09s | test x: 1.274e+02 | test adj: 6.505e+00 | train x: 1.049e+02 | train adj: 7.749e+00 | 
114 | 0.09s | test x: 4.129e+01 | test adj: 4.102e+00 | train x: 1.150e+02 | train adj: 8.232e+00 | 
115 | 0.09s | test x: 1.953e+02 | test adj: 8.713e+00 | train x: 9.316e+01 | train adj: 7.820e+00 | 
116 | 0.10s | test x: 1.160e+02 | test adj: 8.491e+00 | train x: 7.702e+01 | train adj: 7.101e+00 | 
117 | 0.09s | test x: 1.981e+02 | test adj: 1.090e+01 | train x: 1.520e+02 | train adj: 1.039e+01 | 
118 | 0.09s | test x: 1.365e+02 | test adj: 8.165e+00 | train x: 1.075e+02 | train adj: 7.016e+00 | 
119 | 0.10s | test x: 3.005e+01 | test adj: 2.942e+00 | train x: 6.940e+01 | train adj: 6.818e+00 | 
120 | 0.10s | test x: 1.306e+02 | test adj: 1.068e+01 | train x: 1.437e+02 | train adj: 8.880e+00 | 
121 | 0.10s | test x: 9.702e+01 | test adj: 7.753e+00 | train x: 8.074e+01 | train adj: 6.485e+00 | 
122 | 0.10s | test x: 3.244e+01 | test adj: 4.197e+00 | train x: 1.180e+02 | train adj: 8.311e+00 | 
123 | 0.09s | test x: 1.496e+02 | test adj: 6.552e+00 | train x: 1.471e+02 | train adj: 9.622e+00 | 
124 | 0.10s | test x: 1.749e+02 | test adj: 1.089e+01 | train x: 8.585e+01 | train adj: 7.191e+00 | 
125 | 0.10s | test x: 2.210e+02 | test adj: 1.191e+01 | train x: 1.348e+02 | train adj: 8.759e+00 | 
126 | 0.10s | test x: 6.037e+01 | test adj: 4.868e+00 | train x: 1.008e+02 | train adj: 6.405e+00 | 
127 | 0.10s | test x: 9.123e+01 | test adj: 6.908e+00 | train x: 1.018e+02 | train adj: 7.677e+00 | 
128 | 0.10s | test x: 2.583e+02 | test adj: 1.537e+01 | train x: 6.667e+01 | train adj: 6.251e+00 | 
129 | 0.10s | test x: 4.112e+01 | test adj: 2.682e+00 | train x: 9.472e+01 | train adj: 7.370e+00 | 
130 | 0.10s | test x: 3.345e+01 | test adj: 3.688e+00 | train x: 8.854e+01 | train adj: 6.855e+00 | 
131 | 0.10s | test x: 4.190e+01 | test adj: 3.622e+00 | train x: 1.106e+02 | train adj: 7.949e+00 | 
132 | 0.10s | test x: 3.029e+01 | test adj: 2.808e+00 | train x: 8.472e+01 | train adj: 7.388e+00 | 
133 | 0.10s | test x: 5.390e+01 | test adj: 4.982e+00 | train x: 1.220e+02 | train adj: 8.774e+00 | 
134 | 0.10s | test x: 2.688e+02 | test adj: 1.563e+01 | train x: 1.042e+02 | train adj: 7.571e+00 | 
135 | 0.10s | test x: 1.748e+02 | test adj: 1.025e+01 | train x: 1.031e+02 | train adj: 9.103e+00 | 
136 | 0.09s | test x: 9.041e+01 | test adj: 8.225e+00 | train x: 8.897e+01 | train adj: 7.155e+00 | 
137 | 0.09s | test x: 7.542e+01 | test adj: 5.638e+00 | train x: 1.082e+02 | train adj: 6.972e+00 | 
138 | 0.10s | test x: 4.762e+01 | test adj: 4.241e+00 | train x: 9.332e+01 | train adj: 7.093e+00 | 
139 | 0.10s | test x: 1.393e+02 | test adj: 6.789e+00 | train x: 1.391e+02 | train adj: 9.921e+00 | 
140 | 0.09s | test x: 3.415e+01 | test adj: 3.619e+00 | train x: 1.145e+02 | train adj: 8.999e+00 | 
141 | 0.09s | test x: 1.446e+02 | test adj: 7.532e+00 | train x: 1.033e+02 | train adj: 8.483e+00 | 
142 | 0.09s | test x: 3.826e+01 | test adj: 3.139e+00 | train x: 6.059e+01 | train adj: 6.598e+00 | 
143 | 0.09s | test x: 5.247e+01 | test adj: 5.119e+00 | train x: 1.365e+02 | train adj: 1.019e+01 | 
144 | 0.09s | test x: 5.026e+01 | test adj: 4.332e+00 | train x: 9.457e+01 | train adj: 8.798e+00 | 
145 | 0.10s | test x: 2.708e+02 | test adj: 1.443e+01 | train x: 8.373e+01 | train adj: 7.273e+00 | 
146 | 0.10s | test x: 1.903e+02 | test adj: 1.135e+01 | train x: 1.921e+02 | train adj: 1.190e+01 | 
147 | 0.10s | test x: 1.639e+02 | test adj: 1.145e+01 | train x: 5.342e+01 | train adj: 5.981e+00 | 
148 | 0.10s | test x: 3.683e+01 | test adj: 3.087e+00 | train x: 9.365e+01 | train adj: 8.361e+00 | 
149 | 0.10s | test x: 1.923e+02 | test adj: 1.279e+01 | train x: 1.177e+02 | train adj: 7.260e+00 | 
150 | 0.10s | test x: 1.761e+02 | test adj: 1.080e+01 | train x: 9.156e+01 | train adj: 6.648e+00 | 
151 | 0.09s | test x: 7.945e+01 | test adj: 5.876e+00 | train x: 1.069e+02 | train adj: 8.038e+00 | 
152 | 0.09s | test x: 8.111e+01 | test adj: 5.692e+00 | train x: 1.065e+02 | train adj: 7.797e+00 | 
153 | 0.09s | test x: 2.982e+01 | test adj: 3.347e+00 | train x: 7.452e+01 | train adj: 6.937e+00 | 
154 | 0.09s | test x: 1.561e+02 | test adj: 1.149e+01 | train x: 6.448e+01 | train adj: 6.296e+00 | 
155 | 0.09s | test x: 1.141e+02 | test adj: 5.826e+00 | train x: 1.829e+02 | train adj: 1.063e+01 | 
156 | 0.09s | test x: 3.040e+01 | test adj: 2.354e+00 | train x: 7.177e+01 | train adj: 6.486e+00 | 
157 | 0.10s | test x: 1.370e+02 | test adj: 7.064e+00 | train x: 9.262e+01 | train adj: 7.545e+00 | 
158 | 0.10s | test x: 2.740e+01 | test adj: 2.766e+00 | train x: 9.107e+01 | train adj: 7.780e+00 | 
159 | 0.09s | test x: 3.829e+01 | test adj: 4.258e+00 | train x: 1.076e+02 | train adj: 8.984e+00 | 
160 | 0.09s | test x: 3.576e+01 | test adj: 4.863e+00 | train x: 6.552e+01 | train adj: 6.506e+00 | 
161 | 0.10s | test x: 4.117e+01 | test adj: 4.694e+00 | train x: 7.493e+01 | train adj: 7.623e+00 | 
162 | 0.10s | test x: 4.011e+01 | test adj: 2.486e+00 | train x: 1.102e+02 | train adj: 8.578e+00 | 
163 | 0.09s | test x: 3.830e+01 | test adj: 2.543e+00 | train x: 8.907e+01 | train adj: 7.257e+00 | 
164 | 0.09s | test x: 3.770e+01 | test adj: 4.625e+00 | train x: 8.670e+01 | train adj: 7.416e+00 | 
165 | 0.09s | test x: 3.922e+01 | test adj: 4.266e+00 | train x: 5.540e+01 | train adj: 5.587e+00 | 
166 | 0.10s | test x: 2.997e+01 | test adj: 2.552e+00 | train x: 1.149e+02 | train adj: 9.169e+00 | 
167 | 0.10s | test x: 3.199e+01 | test adj: 3.987e+00 | train x: 6.197e+01 | train adj: 6.238e+00 | 
168 | 0.09s | test x: 3.613e+01 | test adj: 3.757e+00 | train x: 7.813e+01 | train adj: 6.989e+00 | 
169 | 0.10s | test x: 1.493e+02 | test adj: 1.217e+01 | train x: 9.441e+01 | train adj: 7.419e+00 | 
170 | 0.10s | test x: 1.272e+02 | test adj: 8.004e+00 | train x: 6.833e+01 | train adj: 6.897e+00 | 
171 | 0.10s | test x: 5.896e+01 | test adj: 6.071e+00 | train x: 7.580e+01 | train adj: 6.405e+00 | 
172 | 0.10s | test x: 4.608e+01 | test adj: 5.193e+00 | train x: 6.578e+01 | train adj: 5.977e+00 | 
173 | 0.09s | test x: 3.961e+01 | test adj: 5.941e+00 | train x: 8.225e+01 | train adj: 8.104e+00 | 
174 | 0.09s | test x: 2.756e+01 | test adj: 2.867e+00 | train x: 9.114e+01 | train adj: 7.946e+00 | 
175 | 0.09s | test x: 3.608e+01 | test adj: 2.996e+00 | train x: 6.330e+01 | train adj: 6.863e+00 | 
176 | 0.10s | test x: 1.200e+02 | test adj: 6.182e+00 | train x: 4.563e+01 | train adj: 5.382e+00 | 
177 | 0.10s | test x: 4.586e+01 | test adj: 3.863e+00 | train x: 5.848e+01 | train adj: 6.319e+00 | 
178 | 0.10s | test x: 8.192e+01 | test adj: 6.109e+00 | train x: 8.575e+01 | train adj: 7.388e+00 | 
179 | 0.09s | test x: 5.146e+01 | test adj: 5.979e+00 | train x: 9.321e+01 | train adj: 7.667e+00 | 
180 | 0.10s | test x: 8.829e+01 | test adj: 8.854e+00 | train x: 9.396e+01 | train adj: 7.628e+00 | 
181 | 0.10s | test x: 4.570e+01 | test adj: 4.693e+00 | train x: 6.202e+01 | train adj: 5.888e+00 | 
182 | 0.10s | test x: 9.246e+01 | test adj: 7.545e+00 | train x: 8.923e+01 | train adj: 6.564e+00 | 
183 | 0.10s | test x: 5.874e+01 | test adj: 6.270e+00 | train x: 1.201e+02 | train adj: 9.386e+00 | 
184 | 0.10s | test x: 3.407e+01 | test adj: 2.355e+00 | train x: 6.958e+01 | train adj: 6.521e+00 | 
185 | 0.09s | test x: 8.473e+01 | test adj: 7.201e+00 | train x: 8.807e+01 | train adj: 6.966e+00 | 
186 | 0.10s | test x: 4.801e+01 | test adj: 5.047e+00 | train x: 9.546e+01 | train adj: 8.428e+00 | 
187 | 0.10s | test x: 1.611e+02 | test adj: 7.607e+00 | train x: 7.463e+01 | train adj: 6.104e+00 | 
188 | 0.10s | test x: 3.648e+01 | test adj: 3.528e+00 | train x: 1.111e+02 | train adj: 9.710e+00 | 
189 | 0.10s | test x: 2.846e+01 | test adj: 3.361e+00 | train x: 1.093e+02 | train adj: 8.040e+00 | 
190 | 0.10s | test x: 1.924e+02 | test adj: 1.066e+01 | train x: 6.996e+01 | train adj: 7.256e+00 | 
191 | 0.10s | test x: 2.274e+02 | test adj: 1.413e+01 | train x: 7.487e+01 | train adj: 6.255e+00 | 
192 | 0.10s | test x: 1.092e+02 | test adj: 8.572e+00 | train x: 9.478e+01 | train adj: 8.930e+00 | 
193 | 0.10s | test x: 1.616e+02 | test adj: 6.585e+00 | train x: 9.059e+01 | train adj: 7.007e+00 | 
194 | 0.10s | test x: 3.067e+01 | test adj: 2.964e+00 | train x: 8.755e+01 | train adj: 8.411e+00 | 
195 | 0.09s | test x: 4.943e+01 | test adj: 4.886e+00 | train x: 8.900e+01 | train adj: 7.987e+00 | 
196 | 0.09s | test x: 3.649e+01 | test adj: 4.209e+00 | train x: 7.624e+01 | train adj: 6.629e+00 | 
197 | 0.09s | test x: 7.258e+01 | test adj: 6.850e+00 | train x: 8.287e+01 | train adj: 8.098e+00 | 
198 | 0.10s | test x: 3.103e+01 | test adj: 2.555e+00 | train x: 1.166e+02 | train adj: 9.582e+00 | 
199 | 0.09s | test x: 3.930e+01 | test adj: 6.025e+00 | train x: 1.335e+02 | train adj: 1.001e+01 | 
200 | 0.09s | test x: 1.350e+02 | test adj: 1.088e+01 | train x: 7.334e+01 | train adj: 7.992e+00 | 
